Log file open, 09/26/19 13:37:52
LogWindows: Failed to load 'aqProf.dll' (GetLastError=126)
LogWindows: File 'aqProf.dll' does not exist
LogWindows: Failed to load 'VtuneApi.dll' (GetLastError=126)
LogWindows: File 'VtuneApi.dll' does not exist
LogWindows: Failed to load 'VtuneApi32e.dll' (GetLastError=126)
LogWindows: File 'VtuneApi32e.dll' does not exist
LogConsoleResponse: Display: Failed to find resolution value strings in scalability ini. Falling back to default.
LogInit: Display: Running engine for game: BloomEscape
LogPakFile: Registered encryption key '00000000000000000000000000000000': 0 pak files mounted, 0 remain pending
LogPlatformFile: Not using cached read wrapper
LogTaskGraph: Started task graph with 5 named threads and 23 total threads with 3 sets of task threads.
LogStats: Stats thread started at 0.258253
LogD3D11RHI: Loaded GFSDK_Aftermath_Lib.x64.dll
LogICUInternationalization: ICU TimeZone Detection - Raw Offset: -5:00, Platform Override: ''
LogPluginManager: Mounting plugin Paper2D
LogPluginManager: Mounting plugin AISupport
LogPluginManager: Mounting plugin LightPropagationVolume
LogPluginManager: Mounting plugin ActorLayerUtilities
LogPluginManager: Mounting plugin AnimationSharing
LogPluginManager: Mounting plugin CLionSourceCodeAccess
LogPluginManager: Mounting plugin CodeLiteSourceCodeAccess
LogPluginManager: Mounting plugin GitSourceControl
LogPluginManager: Mounting plugin KDevelopSourceCodeAccess
LogPluginManager: Mounting plugin NullSourceCodeAccess
LogPluginManager: Mounting plugin PerforceSourceControl
LogPluginManager: Mounting plugin SubversionSourceControl
LogPluginManager: Mounting plugin UObjectPlugin
LogPluginManager: Mounting plugin VisualStudioCodeSourceCodeAccess
LogPluginManager: Mounting plugin VisualStudioSourceCodeAccess
LogPluginManager: Mounting plugin XCodeSourceCodeAccess
LogPluginManager: Mounting plugin AssetManagerEditor
LogPluginManager: Mounting plugin CryptoKeys
LogPluginManager: Mounting plugin DataValidation
LogPluginManager: Mounting plugin FacialAnimation
LogPluginManager: Mounting plugin GameplayTagsEditor
LogPluginManager: Mounting plugin MacGraphicsSwitching
LogPluginManager: Mounting plugin MaterialAnalyzer
LogPluginManager: Mounting plugin MobileLauncherProfileWizard
LogPluginManager: Mounting plugin PluginBrowser
LogPluginManager: Mounting plugin SpeedTreeImporter
LogPluginManager: Mounting plugin DatasmithContent
LogPluginManager: Mounting plugin VariantManagerContent
LogPluginManager: Mounting plugin AlembicImporter
LogPluginManager: Mounting plugin AppleImageUtils
LogPluginManager: Mounting plugin AppleVision
LogPluginManager: Mounting plugin BackChannel
LogPluginManager: Mounting plugin CharacterAI
LogPluginManager: Mounting plugin GeometryCache
LogPluginManager: Mounting plugin HTML5Networking
LogPluginManager: Mounting plugin ProxyLODPlugin
LogPluginManager: Mounting plugin SkeletalReduction
LogPluginManager: Mounting plugin MagicLeap
LogPluginManager: Mounting plugin MagicLeapMedia
LogPluginManager: Mounting plugin AndroidMedia
LogPluginManager: Mounting plugin AvfMedia
LogPluginManager: Mounting plugin ImgMedia
LogPluginManager: Mounting plugin LinearTimecode
LogPluginManager: Mounting plugin MediaCompositing
LogPluginManager: Mounting plugin MediaPlayerEditor
LogPluginManager: Mounting plugin WebMMedia
LogPluginManager: Mounting plugin WmfMedia
LogPluginManager: Mounting plugin TcpMessaging
LogPluginManager: Mounting plugin UdpMessaging
LogPluginManager: Mounting plugin ActorSequence
LogPluginManager: Mounting plugin LevelSequenceEditor
LogPluginManager: Mounting plugin MatineeToLevelSequence
LogPluginManager: Mounting plugin NetcodeUnitTest
LogPluginManager: Mounting plugin NUTUnrealEngine4
LogPluginManager: Mounting plugin OnlineSubsystemGooglePlay
LogPluginManager: Mounting plugin OnlineSubsystemIOS
LogPluginManager: Mounting plugin OnlineSubsystem
LogPluginManager: Mounting plugin OnlineSubsystemNull
LogPluginManager: Mounting plugin OnlineSubsystemUtils
LogPluginManager: Mounting plugin LauncherChunkInstaller
LogPluginManager: Mounting plugin AndroidDeviceProfileSelector
LogPluginManager: Mounting plugin AndroidMoviePlayer
LogPluginManager: Mounting plugin AndroidPermission
LogPluginManager: Mounting plugin AppleMoviePlayer
LogPluginManager: Mounting plugin ArchVisCharacter
LogPluginManager: Mounting plugin AudioCapture
LogPluginManager: Mounting plugin CableComponent
LogPluginManager: Mounting plugin CustomMeshComponent
LogPluginManager: Mounting plugin EditableMesh
LogPluginManager: Mounting plugin ExampleDeviceProfileSelector
LogPluginManager: Mounting plugin Firebase
LogPluginManager: Mounting plugin GoogleCloudMessaging
LogPluginManager: Mounting plugin IOSDeviceProfileSelector
LogPluginManager: Mounting plugin LinuxDeviceProfileSelector
LogPluginManager: Mounting plugin LocationServicesBPLibrary
LogPluginManager: Mounting plugin MobilePatchingUtils
LogPluginManager: Mounting plugin OculusVR
LogPluginManager: Mounting plugin PhysXVehicles
LogPluginManager: Mounting plugin ProceduralMeshComponent
LogPluginManager: Mounting plugin RuntimePhysXCooking
LogPluginManager: Mounting plugin SignificanceManager
LogPluginManager: Mounting plugin SteamVR
LogPluginManager: Mounting plugin WebMMoviePlayer
LogPluginManager: Mounting plugin WindowsMoviePlayer
LogInit: Using libcurl 7.55.1-DEV
LogInit:  - built for x86_64-pc-win32
LogInit:  - supports SSL with OpenSSL/1.1.1
LogInit:  - supports HTTP deflate (compression) using libz 1.2.8
LogInit:  - other features:
LogInit:      CURL_VERSION_SSL
LogInit:      CURL_VERSION_LIBZ
LogInit:      CURL_VERSION_IPV6
LogInit:      CURL_VERSION_ASYNCHDNS
LogInit:      CURL_VERSION_LARGEFILE
LogInit:      CURL_VERSION_IDN
LogInit:  CurlRequestOptions (configurable via config and command line):
LogInit:  - bVerifyPeer = true  - Libcurl will verify peer certificate
LogInit:  - bUseHttpProxy = false  - Libcurl will NOT use HTTP proxy
LogInit:  - bDontReuseConnections = false  - Libcurl will reuse connections
LogInit:  - MaxHostConnections = 16  - Libcurl will limit the number of connections to a host
LogInit:  - LocalHostAddr = Default
LogInit:  - BufferSize = 65536
LogInit: WinSock: version 1.1 (2.2), MaxSocks=32767, MaxUdp=65467
LogInit: Build: ++UE4+Release-4.22-CL-7053642
LogInit: Engine Version: 4.22.3-7053642+++UE4+Release-4.22
LogInit: Compatible Engine Version: 4.22.0-5660361+++UE4+Release-4.22
LogInit: Net CL: 5660361
LogInit: OS: Windows 10 (Release 1903) (), CPU: Intel(R) Core(TM) i7-7700 CPU @ 3.60GHz, GPU: NVIDIA GeForce GTX 1070
LogInit: Compiled (64-bit): Jun 18 2019 03:09:11
LogInit: Compiled with Visual C++: 19.16.27025.01
LogInit: Build Configuration: Development
LogInit: Branch Name: ++UE4+Release-4.22
LogInit: Command Line: 
LogInit: Base Directory: C:/Program Files/Epic Games/UE_4.22/Engine/Binaries/Win64/
LogInit: Installed Engine Build: 1
LogDevObjectVersion: Number of dev versions registered: 23
LogDevObjectVersion:   Dev-Blueprints (B0D832E4-1F89-4F0D-ACCF-7EB736FD4AA2): 10
LogDevObjectVersion:   Dev-Build (E1C64328-A22C-4D53-A36C-8E866417BD8C): 0
LogDevObjectVersion:   Dev-Core (375EC13C-06E4-48FB-B500-84F0262A717E): 3
LogDevObjectVersion:   Dev-Editor (E4B068ED-F494-42E9-A231-DA0B2E46BB41): 30
LogDevObjectVersion:   Dev-Framework (CFFC743F-43B0-4480-9391-14DF171D2073): 35
LogDevObjectVersion:   Dev-Mobile (B02B49B5-BB20-44E9-A304-32B752E40360): 2
LogDevObjectVersion:   Dev-Networking (A4E4105C-59A1-49B5-A7C5-40C4547EDFEE): 0
LogDevObjectVersion:   Dev-Online (39C831C9-5AE6-47DC-9A44-9C173E1C8E7C): 0
LogDevObjectVersion:   Dev-Physics (78F01B33-EBEA-4F98-B9B4-84EACCB95AA2): 0
LogDevObjectVersion:   Dev-Platform (6631380F-2D4D-43E0-8009-CF276956A95A): 0
LogDevObjectVersion:   Dev-Rendering (12F88B9F-8875-4AFC-A67C-D90C383ABD29): 28
LogDevObjectVersion:   Dev-Sequencer (7B5AE74C-D270-4C10-A958-57980B212A5A): 11
LogDevObjectVersion:   Dev-VR (D7296918-1DD6-4BDD-9DE2-64A83CC13884): 2
LogDevObjectVersion:   Dev-LoadTimes (C2A15278-BFE7-4AFE-6C17-90FF531DF755): 1
LogDevObjectVersion:   Private-Geometry (6EACA3D4-40EC-4CC1-B786-8BED09428FC5): 3
LogDevObjectVersion:   Dev-AnimPhys (29E575DD-E0A3-4627-9D10-D276232CDCEA): 17
LogDevObjectVersion:   Dev-Anim (AF43A65D-7FD3-4947-9873-3E8ED9C1BB05): 2
LogDevObjectVersion:   Dev-ReflectionCapture (6B266CEC-1EC7-4B8F-A30B-E4D90942FC07): 1
LogDevObjectVersion:   Dev-Automation (0DF73D61-A23F-47EA-B727-89E90C41499A): 1
LogDevObjectVersion:   FortniteMain (601D1886-AC64-4F84-AA16-D3DE0DEAC7D6): 25
LogDevObjectVersion:   Dev-Enterprise (9DFFBCD6-494F-0158-E221-12823C92A888): 6
LogDevObjectVersion:   Dev-Niagara (F2AED0AC-9AFE-416F-8664-AA7FFA26D6FC): 1
LogDevObjectVersion:   Dev-Destruction (174F1F0B-B4C6-45A5-B13F-2EE8D0FB917D): 2
LogInit: Presizing for max 16777216 objects, including 0 objects not considered by GC, pre-allocating 0 bytes for permanent pool.
LogInit: Object subsystem initialized
LogConfig: Setting CVar [[con.DebugEarlyDefault:1]]
LogConfig: Setting CVar [[r.setres:1280x720]]
[2019.09.26-17.37.52:701][  0]LogConfig: Setting CVar [[r.VSync:0]]
[2019.09.26-17.37.52:701][  0]LogConfig: Setting CVar [[r.RHICmdBypass:0]]
[2019.09.26-17.37.52:701][  0]LogConfig: Applying CVar settings from Section [/Script/Engine.RendererSettings] File [C:/Users/nbloom/Documents/Unreal Projects/BloomEscape/Saved/Config/Windows/Engine.ini]
[2019.09.26-17.37.52:701][  0]LogConfig: Setting CVar [[r.GPUCrashDebugging:0]]
[2019.09.26-17.37.52:701][  0]LogConfig: Applying CVar settings from Section [/Script/Engine.RendererOverrideSettings] File [C:/Users/nbloom/Documents/Unreal Projects/BloomEscape/Saved/Config/Windows/Engine.ini]
[2019.09.26-17.37.52:701][  0]LogConfig: Applying CVar settings from Section [/Script/Engine.StreamingSettings] File [C:/Users/nbloom/Documents/Unreal Projects/BloomEscape/Saved/Config/Windows/Engine.ini]
[2019.09.26-17.37.52:701][  0]LogConfig: Setting CVar [[s.MinBulkDataSizeForAsyncLoading:131072]]
[2019.09.26-17.37.52:701][  0]LogConfig: Setting CVar [[s.AsyncLoadingThreadEnabled:0]]
[2019.09.26-17.37.52:701][  0]LogConfig: Setting CVar [[s.EventDrivenLoaderEnabled:1]]
[2019.09.26-17.37.52:701][  0]LogConfig: Setting CVar [[s.WarnIfTimeLimitExceeded:0]]
[2019.09.26-17.37.52:701][  0]LogConfig: Setting CVar [[s.TimeLimitExceededMultiplier:1.5]]
[2019.09.26-17.37.52:701][  0]LogConfig: Setting CVar [[s.TimeLimitExceededMinTime:0.005]]
[2019.09.26-17.37.52:701][  0]LogConfig: Setting CVar [[s.UseBackgroundLevelStreaming:1]]
[2019.09.26-17.37.52:701][  0]LogConfig: Setting CVar [[s.PriorityAsyncLoadingExtraTime:15.0]]
[2019.09.26-17.37.52:701][  0]LogConfig: Setting CVar [[s.LevelStreamingActorsUpdateTimeLimit:5.0]]
[2019.09.26-17.37.52:701][  0]LogConfig: Setting CVar [[s.PriorityLevelStreamingActorsUpdateExtraTime:5.0]]
[2019.09.26-17.37.52:701][  0]LogConfig: Setting CVar [[s.LevelStreamingComponentsRegistrationGranularity:10]]
[2019.09.26-17.37.52:701][  0]LogConfig: Setting CVar [[s.UnregisterComponentsTimeLimit:1.0]]
[2019.09.26-17.37.52:701][  0]LogConfig: Setting CVar [[s.LevelStreamingComponentsUnregistrationGranularity:5]]
[2019.09.26-17.37.52:702][  0]LogConfig: Applying CVar settings from Section [/Script/Engine.GarbageCollectionSettings] File [C:/Users/nbloom/Documents/Unreal Projects/BloomEscape/Saved/Config/Windows/Engine.ini]
[2019.09.26-17.37.52:702][  0]LogConfig: Setting CVar [[gc.MaxObjectsNotConsideredByGC:1]]
[2019.09.26-17.37.52:702][  0]LogConfig: Setting CVar [[gc.SizeOfPermanentObjectPool:0]]
[2019.09.26-17.37.52:702][  0]LogConfig: Setting CVar [[gc.FlushStreamingOnGC:0]]
[2019.09.26-17.37.52:702][  0]LogConfig: Setting CVar [[gc.NumRetriesBeforeForcingGC:10]]
[2019.09.26-17.37.52:702][  0]LogConfig: Setting CVar [[gc.AllowParallelGC:1]]
[2019.09.26-17.37.52:702][  0]LogConfig: Setting CVar [[gc.TimeBetweenPurgingPendingKillObjects:61.1]]
[2019.09.26-17.37.52:702][  0]LogConfig: Setting CVar [[gc.MaxObjectsInEditor:16777216]]
[2019.09.26-17.37.52:702][  0]LogConfig: Setting CVar [[gc.IncrementalBeginDestroyEnabled:1]]
[2019.09.26-17.37.52:702][  0]LogConfig: Setting CVar [[gc.CreateGCClusters:1]]
[2019.09.26-17.37.52:702][  0]LogConfig: Setting CVar [[gc.MinGCClusterSize:5]]
[2019.09.26-17.37.52:702][  0]LogConfig: Setting CVar [[gc.ActorClusteringEnabled:0]]
[2019.09.26-17.37.52:702][  0]LogConfig: Setting CVar [[gc.BlueprintClusteringEnabled:0]]
[2019.09.26-17.37.52:702][  0]LogConfig: Setting CVar [[gc.UseDisregardForGCOnDedicatedServers:0]]
[2019.09.26-17.37.52:702][  0]LogConfig: Applying CVar settings from Section [/Script/Engine.NetworkSettings] File [C:/Users/nbloom/Documents/Unreal Projects/BloomEscape/Saved/Config/Windows/Engine.ini]
[2019.09.26-17.37.52:702][  0]LogConfig: Applying CVar settings from Section [/Script/UnrealEd.CookerSettings] File [C:/Users/nbloom/Documents/Unreal Projects/BloomEscape/Saved/Config/Windows/Engine.ini]
[2019.09.26-17.37.52:704][  0]LogConfig: Applying CVar settings from Section [ViewDistanceQuality@3] File [C:/Users/nbloom/Documents/Unreal Projects/BloomEscape/Saved/Config/Windows/Scalability.ini]
[2019.09.26-17.37.52:704][  0]LogConfig: Setting CVar [[r.SkeletalMeshLODBias:0]]
[2019.09.26-17.37.52:704][  0]LogConfig: Setting CVar [[r.ViewDistanceScale:1.0]]
[2019.09.26-17.37.52:704][  0]LogConfig: Applying CVar settings from Section [AntiAliasingQuality@3] File [C:/Users/nbloom/Documents/Unreal Projects/BloomEscape/Saved/Config/Windows/Scalability.ini]
[2019.09.26-17.37.52:704][  0]LogConfig: Setting CVar [[r.PostProcessAAQuality:4]]
[2019.09.26-17.37.52:704][  0]LogConfig: Applying CVar settings from Section [ShadowQuality@3] File [C:/Users/nbloom/Documents/Unreal Projects/BloomEscape/Saved/Config/Windows/Scalability.ini]
[2019.09.26-17.37.52:704][  0]LogConfig: Setting CVar [[r.LightFunctionQuality:1]]
[2019.09.26-17.37.52:704][  0]LogConfig: Setting CVar [[r.ShadowQuality:5]]
[2019.09.26-17.37.52:704][  0]LogConfig: Setting CVar [[r.Shadow.CSM.MaxCascades:10]]
[2019.09.26-17.37.52:704][  0]LogConfig: Setting CVar [[r.Shadow.MaxResolution:2048]]
[2019.09.26-17.37.52:704][  0]LogConfig: Setting CVar [[r.Shadow.MaxCSMResolution:2048]]
[2019.09.26-17.37.52:704][  0]LogConfig: Setting CVar [[r.Shadow.RadiusThreshold:0.01]]
[2019.09.26-17.37.52:704][  0]LogConfig: Setting CVar [[r.Shadow.DistanceScale:1.0]]
[2019.09.26-17.37.52:704][  0]LogConfig: Setting CVar [[r.Shadow.CSM.TransitionScale:1.0]]
[2019.09.26-17.37.52:704][  0]LogConfig: Setting CVar [[r.Shadow.PreShadowResolutionFactor:1.0]]
[2019.09.26-17.37.52:704][  0]LogConfig: Setting CVar [[r.DistanceFieldShadowing:1]]
[2019.09.26-17.37.52:704][  0]LogConfig: Setting CVar [[r.DistanceFieldAO:1]]
[2019.09.26-17.37.52:704][  0]LogConfig: Setting CVar [[r.AOQuality:2]]
[2019.09.26-17.37.52:704][  0]LogConfig: Setting CVar [[r.VolumetricFog:1]]
[2019.09.26-17.37.52:704][  0]LogConfig: Setting CVar [[r.VolumetricFog.GridPixelSize:8]]
[2019.09.26-17.37.52:704][  0]LogConfig: Setting CVar [[r.VolumetricFog.GridSizeZ:128]]
[2019.09.26-17.37.52:704][  0]LogConfig: Setting CVar [[r.VolumetricFog.HistoryMissSupersampleCount:4]]
[2019.09.26-17.37.52:704][  0]LogConfig: Setting CVar [[r.LightMaxDrawDistanceScale:1]]
[2019.09.26-17.37.52:704][  0]LogConfig: Setting CVar [[r.CapsuleShadows:1]]
[2019.09.26-17.37.52:704][  0]LogConfig: Applying CVar settings from Section [PostProcessQuality@3] File [C:/Users/nbloom/Documents/Unreal Projects/BloomEscape/Saved/Config/Windows/Scalability.ini]
[2019.09.26-17.37.52:704][  0]LogConfig: Setting CVar [[r.MotionBlurQuality:4]]
[2019.09.26-17.37.52:704][  0]LogConfig: Setting CVar [[r.AmbientOcclusionMipLevelFactor:0.4]]
[2019.09.26-17.37.52:704][  0]LogConfig: Setting CVar [[r.AmbientOcclusionMaxQuality:100]]
[2019.09.26-17.37.52:704][  0]LogConfig: Setting CVar [[r.AmbientOcclusionLevels:-1]]
[2019.09.26-17.37.52:704][  0]LogConfig: Setting CVar [[r.AmbientOcclusionRadiusScale:1.0]]
[2019.09.26-17.37.52:704][  0]LogConfig: Setting CVar [[r.DepthOfFieldQuality:2]]
[2019.09.26-17.37.52:704][  0]LogConfig: Setting CVar [[r.RenderTargetPoolMin:400]]
[2019.09.26-17.37.52:704][  0]LogConfig: Setting CVar [[r.LensFlareQuality:2]]
[2019.09.26-17.37.52:704][  0]LogConfig: Setting CVar [[r.SceneColorFringeQuality:1]]
[2019.09.26-17.37.52:704][  0]LogConfig: Setting CVar [[r.EyeAdaptationQuality:2]]
[2019.09.26-17.37.52:704][  0]LogConfig: Setting CVar [[r.BloomQuality:5]]
[2019.09.26-17.37.52:704][  0]LogConfig: Setting CVar [[r.FastBlurThreshold:100]]
[2019.09.26-17.37.52:704][  0]LogConfig: Setting CVar [[r.Upscale.Quality:3]]
[2019.09.26-17.37.52:704][  0]LogConfig: Setting CVar [[r.Tonemapper.GrainQuantization:1]]
[2019.09.26-17.37.52:704][  0]LogConfig: Setting CVar [[r.LightShaftQuality:1]]
[2019.09.26-17.37.52:704][  0]LogConfig: Setting CVar [[r.Filter.SizeScale:1]]
[2019.09.26-17.37.52:704][  0]LogConfig: Setting CVar [[r.Tonemapper.Quality:5]]
[2019.09.26-17.37.52:704][  0]LogConfig: Setting CVar [[r.DOF.Gather.AccumulatorQuality:1        ; higher gathering accumulator quality]]
[2019.09.26-17.37.52:704][  0]LogConfig: Setting CVar [[r.DOF.Gather.PostfilterMethod:1          ; Median3x3 postfilering method]]
[2019.09.26-17.37.52:704][  0]LogConfig: Setting CVar [[r.DOF.Gather.EnableBokehSettings:0       ; no bokeh simulation when gathering]]
[2019.09.26-17.37.52:704][  0]LogConfig: Setting CVar [[r.DOF.Gather.RingCount:4                 ; medium number of samples when gathering]]
[2019.09.26-17.37.52:704][  0]LogConfig: Setting CVar [[r.DOF.Scatter.ForegroundCompositing:1    ; additive foreground scattering]]
[2019.09.26-17.37.52:704][  0]LogConfig: Setting CVar [[r.DOF.Scatter.BackgroundCompositing:2    ; additive background scattering]]
[2019.09.26-17.37.52:704][  0]LogConfig: Setting CVar [[r.DOF.Scatter.EnableBokehSettings:1      ; bokeh simulation when scattering]]
[2019.09.26-17.37.52:704][  0]LogConfig: Setting CVar [[r.DOF.Scatter.MaxSpriteRatio:0.1         ; only a maximum of 10% of scattered bokeh]]
[2019.09.26-17.37.52:704][  0]LogConfig: Setting CVar [[r.DOF.Recombine.Quality:1                ; cheap slight out of focus]]
[2019.09.26-17.37.52:704][  0]LogConfig: Setting CVar [[r.DOF.Recombine.EnableBokehSettings:0    ; no bokeh simulation on slight out of focus]]
[2019.09.26-17.37.52:704][  0]LogConfig: Setting CVar [[r.DOF.TemporalAAQuality:1                ; more stable temporal accumulation]]
[2019.09.26-17.37.52:704][  0]LogConfig: Setting CVar [[r.DOF.Kernel.MaxForegroundRadius:0.025]]
[2019.09.26-17.37.52:704][  0]LogConfig: Setting CVar [[r.DOF.Kernel.MaxBackgroundRadius:0.025]]
[2019.09.26-17.37.52:704][  0]LogConfig: Applying CVar settings from Section [TextureQuality@3] File [C:/Users/nbloom/Documents/Unreal Projects/BloomEscape/Saved/Config/Windows/Scalability.ini]
[2019.09.26-17.37.52:704][  0]LogConfig: Setting CVar [[r.Streaming.MipBias:0]]
[2019.09.26-17.37.52:704][  0]LogConfig: Setting CVar [[r.Streaming.AmortizeCPUToGPUCopy:0]]
[2019.09.26-17.37.52:704][  0]LogConfig: Setting CVar [[r.Streaming.MaxNumTexturesToStreamPerFrame:0]]
[2019.09.26-17.37.52:704][  0]LogConfig: Setting CVar [[r.Streaming.Boost:1]]
[2019.09.26-17.37.52:704][  0]LogConfig: Setting CVar [[r.MaxAnisotropy:8]]
[2019.09.26-17.37.52:704][  0]LogConfig: Setting CVar [[r.Streaming.LimitPoolSizeToVRAM:0]]
[2019.09.26-17.37.52:704][  0]LogConfig: Setting CVar [[r.Streaming.PoolSize:1000]]
[2019.09.26-17.37.52:704][  0]LogConfig: Setting CVar [[r.Streaming.MaxEffectiveScreenSize:0]]
[2019.09.26-17.37.52:704][  0]LogConfig: Applying CVar settings from Section [EffectsQuality@3] File [C:/Users/nbloom/Documents/Unreal Projects/BloomEscape/Saved/Config/Windows/Scalability.ini]
[2019.09.26-17.37.52:704][  0]LogConfig: Setting CVar [[r.TranslucencyLightingVolumeDim:64]]
[2019.09.26-17.37.52:704][  0]LogConfig: Setting CVar [[r.RefractionQuality:2]]
[2019.09.26-17.37.52:704][  0]LogConfig: Setting CVar [[r.SSR.Quality:3]]
[2019.09.26-17.37.52:705][  0]LogConfig: Setting CVar [[r.SceneColorFormat:4]]
[2019.09.26-17.37.52:705][  0]LogConfig: Setting CVar [[r.DetailMode:2]]
[2019.09.26-17.37.52:705][  0]LogConfig: Setting CVar [[r.TranslucencyVolumeBlur:1]]
[2019.09.26-17.37.52:705][  0]LogConfig: Setting CVar [[r.MaterialQualityLevel:1 ; High quality]]
[2019.09.26-17.37.52:705][  0]LogConfig: Setting CVar [[r.SSS.Scale:1]]
[2019.09.26-17.37.52:705][  0]LogConfig: Setting CVar [[r.SSS.SampleSet:2]]
[2019.09.26-17.37.52:705][  0]LogConfig: Setting CVar [[r.SSS.Quality:1]]
[2019.09.26-17.37.52:705][  0]LogConfig: Setting CVar [[r.SSS.HalfRes:1]]
[2019.09.26-17.37.52:705][  0]LogConfig: Setting CVar [[r.EmitterSpawnRateScale:1.0]]
[2019.09.26-17.37.52:705][  0]LogConfig: Setting CVar [[r.ParticleLightQuality:2]]
[2019.09.26-17.37.52:705][  0]LogConfig: Applying CVar settings from Section [FoliageQuality@3] File [C:/Users/nbloom/Documents/Unreal Projects/BloomEscape/Saved/Config/Windows/Scalability.ini]
[2019.09.26-17.37.52:705][  0]LogConfig: Setting CVar [[foliage.DensityScale:1.0]]
[2019.09.26-17.37.52:705][  0]LogConfig: Setting CVar [[grass.DensityScale:1.0]]
[2019.09.26-17.37.52:705][  0]LogInit: Selected Device Profile: [Windows]
[2019.09.26-17.37.52:705][  0]LogInit: Applying CVar settings loaded from the selected device profile: [Windows]
[2019.09.26-17.37.52:724][  0]LogHAL: Display: Platform has ~ 32 GB [34301571072 / 34359738368 / 32], which maps to Largest [LargestMinGB=32, LargerMinGB=12, DefaultMinGB=8, SmallerMinGB=6, SmallestMinGB=0)
[2019.09.26-17.37.52:724][  0]LogConfig: Setting CVar [[r.Vulkan.UseRealUBs:0		; Required until we fix HLR fall-out]]
[2019.09.26-17.37.52:724][  0]LogInit: Going up to parent DeviceProfile []
[2019.09.26-17.37.52:724][  0]LogConfig: Applying CVar settings from Section [ViewDistanceQuality@3] File [C:/Users/nbloom/Documents/Unreal Projects/BloomEscape/Saved/Config/Windows/Scalability.ini]
[2019.09.26-17.37.52:724][  0]LogConfig: Setting CVar [[r.SkeletalMeshLODBias:0]]
[2019.09.26-17.37.52:724][  0]LogConfig: Setting CVar [[r.ViewDistanceScale:1.0]]
[2019.09.26-17.37.52:724][  0]LogConfig: Applying CVar settings from Section [AntiAliasingQuality@3] File [C:/Users/nbloom/Documents/Unreal Projects/BloomEscape/Saved/Config/Windows/Scalability.ini]
[2019.09.26-17.37.52:724][  0]LogConfig: Setting CVar [[r.PostProcessAAQuality:4]]
[2019.09.26-17.37.52:724][  0]LogConfig: Applying CVar settings from Section [ShadowQuality@3] File [C:/Users/nbloom/Documents/Unreal Projects/BloomEscape/Saved/Config/Windows/Scalability.ini]
[2019.09.26-17.37.52:724][  0]LogConfig: Setting CVar [[r.LightFunctionQuality:1]]
[2019.09.26-17.37.52:724][  0]LogConfig: Setting CVar [[r.ShadowQuality:5]]
[2019.09.26-17.37.52:724][  0]LogConfig: Setting CVar [[r.Shadow.CSM.MaxCascades:10]]
[2019.09.26-17.37.52:724][  0]LogConfig: Setting CVar [[r.Shadow.MaxResolution:2048]]
[2019.09.26-17.37.52:724][  0]LogConfig: Setting CVar [[r.Shadow.MaxCSMResolution:2048]]
[2019.09.26-17.37.52:724][  0]LogConfig: Setting CVar [[r.Shadow.RadiusThreshold:0.01]]
[2019.09.26-17.37.52:724][  0]LogConfig: Setting CVar [[r.Shadow.DistanceScale:1.0]]
[2019.09.26-17.37.52:724][  0]LogConfig: Setting CVar [[r.Shadow.CSM.TransitionScale:1.0]]
[2019.09.26-17.37.52:724][  0]LogConfig: Setting CVar [[r.Shadow.PreShadowResolutionFactor:1.0]]
[2019.09.26-17.37.52:724][  0]LogConfig: Setting CVar [[r.DistanceFieldShadowing:1]]
[2019.09.26-17.37.52:724][  0]LogConfig: Setting CVar [[r.DistanceFieldAO:1]]
[2019.09.26-17.37.52:724][  0]LogConfig: Setting CVar [[r.AOQuality:2]]
[2019.09.26-17.37.52:724][  0]LogConfig: Setting CVar [[r.VolumetricFog:1]]
[2019.09.26-17.37.52:724][  0]LogConfig: Setting CVar [[r.VolumetricFog.GridPixelSize:8]]
[2019.09.26-17.37.52:724][  0]LogConfig: Setting CVar [[r.VolumetricFog.GridSizeZ:128]]
[2019.09.26-17.37.52:724][  0]LogConfig: Setting CVar [[r.VolumetricFog.HistoryMissSupersampleCount:4]]
[2019.09.26-17.37.52:724][  0]LogConfig: Setting CVar [[r.LightMaxDrawDistanceScale:1]]
[2019.09.26-17.37.52:724][  0]LogConfig: Setting CVar [[r.CapsuleShadows:1]]
[2019.09.26-17.37.52:724][  0]LogConfig: Applying CVar settings from Section [PostProcessQuality@3] File [C:/Users/nbloom/Documents/Unreal Projects/BloomEscape/Saved/Config/Windows/Scalability.ini]
[2019.09.26-17.37.52:724][  0]LogConfig: Setting CVar [[r.MotionBlurQuality:4]]
[2019.09.26-17.37.52:724][  0]LogConfig: Setting CVar [[r.AmbientOcclusionMipLevelFactor:0.4]]
[2019.09.26-17.37.52:724][  0]LogConfig: Setting CVar [[r.AmbientOcclusionMaxQuality:100]]
[2019.09.26-17.37.52:724][  0]LogConfig: Setting CVar [[r.AmbientOcclusionLevels:-1]]
[2019.09.26-17.37.52:724][  0]LogConfig: Setting CVar [[r.AmbientOcclusionRadiusScale:1.0]]
[2019.09.26-17.37.52:724][  0]LogConfig: Setting CVar [[r.DepthOfFieldQuality:2]]
[2019.09.26-17.37.52:724][  0]LogConfig: Setting CVar [[r.RenderTargetPoolMin:400]]
[2019.09.26-17.37.52:724][  0]LogConfig: Setting CVar [[r.LensFlareQuality:2]]
[2019.09.26-17.37.52:724][  0]LogConfig: Setting CVar [[r.SceneColorFringeQuality:1]]
[2019.09.26-17.37.52:724][  0]LogConfig: Setting CVar [[r.EyeAdaptationQuality:2]]
[2019.09.26-17.37.52:724][  0]LogConfig: Setting CVar [[r.BloomQuality:5]]
[2019.09.26-17.37.52:724][  0]LogConfig: Setting CVar [[r.FastBlurThreshold:100]]
[2019.09.26-17.37.52:724][  0]LogConfig: Setting CVar [[r.Upscale.Quality:3]]
[2019.09.26-17.37.52:724][  0]LogConfig: Setting CVar [[r.Tonemapper.GrainQuantization:1]]
[2019.09.26-17.37.52:724][  0]LogConfig: Setting CVar [[r.LightShaftQuality:1]]
[2019.09.26-17.37.52:724][  0]LogConfig: Setting CVar [[r.Filter.SizeScale:1]]
[2019.09.26-17.37.52:724][  0]LogConfig: Setting CVar [[r.Tonemapper.Quality:5]]
[2019.09.26-17.37.52:724][  0]LogConfig: Setting CVar [[r.DOF.Gather.AccumulatorQuality:1        ; higher gathering accumulator quality]]
[2019.09.26-17.37.52:724][  0]LogConfig: Setting CVar [[r.DOF.Gather.PostfilterMethod:1          ; Median3x3 postfilering method]]
[2019.09.26-17.37.52:724][  0]LogConfig: Setting CVar [[r.DOF.Gather.EnableBokehSettings:0       ; no bokeh simulation when gathering]]
[2019.09.26-17.37.52:724][  0]LogConfig: Setting CVar [[r.DOF.Gather.RingCount:4                 ; medium number of samples when gathering]]
[2019.09.26-17.37.52:724][  0]LogConfig: Setting CVar [[r.DOF.Scatter.ForegroundCompositing:1    ; additive foreground scattering]]
[2019.09.26-17.37.52:724][  0]LogConfig: Setting CVar [[r.DOF.Scatter.BackgroundCompositing:2    ; additive background scattering]]
[2019.09.26-17.37.52:725][  0]LogConfig: Setting CVar [[r.DOF.Scatter.EnableBokehSettings:1      ; bokeh simulation when scattering]]
[2019.09.26-17.37.52:725][  0]LogConfig: Setting CVar [[r.DOF.Scatter.MaxSpriteRatio:0.1         ; only a maximum of 10% of scattered bokeh]]
[2019.09.26-17.37.52:725][  0]LogConfig: Setting CVar [[r.DOF.Recombine.Quality:1                ; cheap slight out of focus]]
[2019.09.26-17.37.52:725][  0]LogConfig: Setting CVar [[r.DOF.Recombine.EnableBokehSettings:0    ; no bokeh simulation on slight out of focus]]
[2019.09.26-17.37.52:725][  0]LogConfig: Setting CVar [[r.DOF.TemporalAAQuality:1                ; more stable temporal accumulation]]
[2019.09.26-17.37.52:725][  0]LogConfig: Setting CVar [[r.DOF.Kernel.MaxForegroundRadius:0.025]]
[2019.09.26-17.37.52:725][  0]LogConfig: Setting CVar [[r.DOF.Kernel.MaxBackgroundRadius:0.025]]
[2019.09.26-17.37.52:725][  0]LogConfig: Applying CVar settings from Section [TextureQuality@3] File [C:/Users/nbloom/Documents/Unreal Projects/BloomEscape/Saved/Config/Windows/Scalability.ini]
[2019.09.26-17.37.52:725][  0]LogConfig: Setting CVar [[r.Streaming.MipBias:0]]
[2019.09.26-17.37.52:725][  0]LogConfig: Setting CVar [[r.Streaming.AmortizeCPUToGPUCopy:0]]
[2019.09.26-17.37.52:725][  0]LogConfig: Setting CVar [[r.Streaming.MaxNumTexturesToStreamPerFrame:0]]
[2019.09.26-17.37.52:725][  0]LogConfig: Setting CVar [[r.Streaming.Boost:1]]
[2019.09.26-17.37.52:725][  0]LogConfig: Setting CVar [[r.MaxAnisotropy:8]]
[2019.09.26-17.37.52:725][  0]LogConfig: Setting CVar [[r.Streaming.LimitPoolSizeToVRAM:0]]
[2019.09.26-17.37.52:725][  0]LogConfig: Setting CVar [[r.Streaming.PoolSize:1000]]
[2019.09.26-17.37.52:725][  0]LogConfig: Setting CVar [[r.Streaming.MaxEffectiveScreenSize:0]]
[2019.09.26-17.37.52:725][  0]LogConfig: Applying CVar settings from Section [EffectsQuality@3] File [C:/Users/nbloom/Documents/Unreal Projects/BloomEscape/Saved/Config/Windows/Scalability.ini]
[2019.09.26-17.37.52:725][  0]LogConfig: Setting CVar [[r.TranslucencyLightingVolumeDim:64]]
[2019.09.26-17.37.52:725][  0]LogConfig: Setting CVar [[r.RefractionQuality:2]]
[2019.09.26-17.37.52:725][  0]LogConfig: Setting CVar [[r.SSR.Quality:3]]
[2019.09.26-17.37.52:725][  0]LogConfig: Setting CVar [[r.SceneColorFormat:4]]
[2019.09.26-17.37.52:725][  0]LogConfig: Setting CVar [[r.DetailMode:2]]
[2019.09.26-17.37.52:725][  0]LogConfig: Setting CVar [[r.TranslucencyVolumeBlur:1]]
[2019.09.26-17.37.52:725][  0]LogConfig: Setting CVar [[r.MaterialQualityLevel:1 ; High quality]]
[2019.09.26-17.37.52:725][  0]LogConfig: Setting CVar [[r.SSS.Scale:1]]
[2019.09.26-17.37.52:725][  0]LogConfig: Setting CVar [[r.SSS.SampleSet:2]]
[2019.09.26-17.37.52:725][  0]LogConfig: Setting CVar [[r.SSS.Quality:1]]
[2019.09.26-17.37.52:725][  0]LogConfig: Setting CVar [[r.SSS.HalfRes:1]]
[2019.09.26-17.37.52:725][  0]LogConfig: Setting CVar [[r.EmitterSpawnRateScale:1.0]]
[2019.09.26-17.37.52:725][  0]LogConfig: Setting CVar [[r.ParticleLightQuality:2]]
[2019.09.26-17.37.52:725][  0]LogConfig: Applying CVar settings from Section [FoliageQuality@3] File [C:/Users/nbloom/Documents/Unreal Projects/BloomEscape/Saved/Config/Windows/Scalability.ini]
[2019.09.26-17.37.52:725][  0]LogConfig: Setting CVar [[foliage.DensityScale:1.0]]
[2019.09.26-17.37.52:725][  0]LogConfig: Setting CVar [[grass.DensityScale:1.0]]
[2019.09.26-17.37.52:725][  0]LogConfig: Applying CVar settings from Section [Startup] File [../../../Engine/Config/ConsoleVariables.ini]
[2019.09.26-17.37.52:725][  0]LogConfig: Setting CVar [[net.UseAdaptiveNetUpdateFrequency:0]]
[2019.09.26-17.37.52:725][  0]LogConfig: Setting CVar [[p.chaos.AllowCreatePhysxBodies:1]]
[2019.09.26-17.37.52:725][  0]LogConfig: Applying CVar settings from Section [ConsoleVariables] File [C:/Users/nbloom/Documents/Unreal Projects/BloomEscape/Saved/Config/Windows/Engine.ini]
[2019.09.26-17.37.52:725][  0]LogInit: Computer: NQSCGL-MSI-14
[2019.09.26-17.37.52:725][  0]LogInit: User: nbloom
[2019.09.26-17.37.52:725][  0]LogInit: CPU Page size=4096, Cores=4
[2019.09.26-17.37.52:725][  0]LogInit: High frequency timer resolution =10.000000 MHz
[2019.09.26-17.37.52:726][  0]LogMemory: Memory total: Physical=31.9GB (32GB approx)
[2019.09.26-17.37.52:726][  0]LogMemory: Platform Memory Stats for Windows
[2019.09.26-17.37.52:726][  0]LogMemory: Process Physical Memory: 96.26 MB used, 96.26 MB peak
[2019.09.26-17.37.52:726][  0]LogMemory: Process Virtual Memory: 90.43 MB used, 90.43 MB peak
[2019.09.26-17.37.52:726][  0]LogMemory: Physical Memory: 5577.04 MB used,  27135.48 MB free, 32712.53 MB total
[2019.09.26-17.37.52:726][  0]LogMemory: Virtual Memory: 4643.98 MB used,  134213080.00 MB free, 134217728.00 MB total
[2019.09.26-17.37.52:741][  0]LogInit: Using OS detected language (en-US).
[2019.09.26-17.37.52:741][  0]LogInit: Using OS detected locale (en-US).
[2019.09.26-17.37.52:742][  0]LogTextLocalizationManager: No specific localization for 'en-US' exists, so the 'en' localization will be used.
[2019.09.26-17.37.52:877][  0]LogInit: Setting process to per monitor DPI aware
[2019.09.26-17.37.52:901][  0]LogSlate: New Slate User Created.  User Index 0, Is Virtual User: 0
[2019.09.26-17.37.52:901][  0]LogSlate: Slate User Registered.  User Index 0, Is Virtual User: 0
[2019.09.26-17.37.53:104][  0]LogHMD: Failed to initialize OpenVR with code 110
[2019.09.26-17.37.53:104][  0]LogD3D11RHI: D3D11 adapters:
[2019.09.26-17.37.53:166][  0]LogD3D11RHI:    0. 'NVIDIA GeForce GTX 1070' (Feature Level 11_0)
[2019.09.26-17.37.53:166][  0]LogD3D11RHI:       8088/0/16356 MB DedicatedVideo/DedicatedSystem/SharedSystem, Outputs:1, VendorId:0x10de
[2019.09.26-17.37.53:168][  0]LogD3D11RHI:    1. 'Microsoft Basic Render Driver' (Feature Level 11_0)
[2019.09.26-17.37.53:168][  0]LogD3D11RHI:       0/0/16356 MB DedicatedVideo/DedicatedSystem/SharedSystem, Outputs:0, VendorId:0x1414
[2019.09.26-17.37.53:168][  0]LogD3D11RHI: Chosen D3D11 Adapter: 0
[2019.09.26-17.37.53:173][  0]LogD3D11RHI: Creating new Direct3DDevice
[2019.09.26-17.37.53:174][  0]LogD3D11RHI:     GPU DeviceId: 0x1b81 (for the marketing name, search the web for "GPU Device Id")
[2019.09.26-17.37.53:174][  0]LogWindows: EnumDisplayDevices:
[2019.09.26-17.37.53:174][  0]LogWindows:    0. 'NVIDIA GeForce GTX 1070' (P:1 D:1)
[2019.09.26-17.37.53:174][  0]LogWindows:    1. 'NVIDIA GeForce GTX 1070' (P:0 D:0)
[2019.09.26-17.37.53:174][  0]LogWindows:    2. 'NVIDIA GeForce GTX 1070' (P:0 D:0)
[2019.09.26-17.37.53:174][  0]LogWindows:    3. 'NVIDIA GeForce GTX 1070' (P:0 D:0)
[2019.09.26-17.37.53:175][  0]LogWindows: DebugString: FoundDriverCount:4 
[2019.09.26-17.37.53:175][  0]LogD3D11RHI:     Adapter Name: NVIDIA GeForce GTX 1070
[2019.09.26-17.37.53:175][  0]LogD3D11RHI:   Driver Version: 430.86 (internal:26.21.14.3086, unified:430.86)
[2019.09.26-17.37.53:175][  0]LogD3D11RHI:      Driver Date: 5-22-2019
[2019.09.26-17.37.53:175][  0]LogRHI: Texture pool is 5661 MB (70% of 8088 MB)
[2019.09.26-17.37.53:216][  0]LogD3D11RHI: Async texture creation enabled
[2019.09.26-17.37.53:219][  0]LogRendererCore: FGlobalReadBuffer::InitRHI
[2019.09.26-17.37.53:219][  0]LogRendererCore: FGlobalReadBuffer::InitRHI
[2019.09.26-17.37.53:219][  0]LogRendererCore: FGlobalReadBuffer::InitRHI
[2019.09.26-17.37.53:228][  0]LogD3D11RHI: GPU Timing Frequency: 1000.000000 (Debug: 2 1)
[2019.09.26-17.37.53:545][  0]LogTemp: Display: Module 'AllDesktopTargetPlatform' loaded TargetPlatform 'AllDesktop'
[2019.09.26-17.37.53:556][  0]LogTemp: Display: Module 'MacClientTargetPlatform' loaded TargetPlatform 'MacClient'
[2019.09.26-17.37.53:569][  0]LogTemp: Display: Module 'MacNoEditorTargetPlatform' loaded TargetPlatform 'MacNoEditor'
[2019.09.26-17.37.53:580][  0]LogTemp: Display: Module 'MacServerTargetPlatform' loaded TargetPlatform 'MacServer'
[2019.09.26-17.37.53:592][  0]LogTemp: Display: Module 'MacTargetPlatform' loaded TargetPlatform 'Mac'
[2019.09.26-17.37.53:603][  0]LogTemp: Display: Module 'WindowsClientTargetPlatform' loaded TargetPlatform 'WindowsClient'
[2019.09.26-17.37.53:615][  0]LogTemp: Display: Module 'WindowsNoEditorTargetPlatform' loaded TargetPlatform 'WindowsNoEditor'
[2019.09.26-17.37.53:627][  0]LogTemp: Display: Module 'WindowsServerTargetPlatform' loaded TargetPlatform 'WindowsServer'
[2019.09.26-17.37.53:633][  0]LogTemp: Display: Module 'WindowsTargetPlatform' loaded TargetPlatform 'Windows'
[2019.09.26-17.37.53:701][  0]LogTemp: Display: Module 'AndroidTargetPlatform' loaded TargetPlatform 'Android'
[2019.09.26-17.37.53:701][  0]LogTemp: Display: Module 'AndroidTargetPlatform' loaded TargetPlatform 'Android_ASTC'
[2019.09.26-17.37.53:701][  0]LogTemp: Display: Module 'AndroidTargetPlatform' loaded TargetPlatform 'Android_ATC'
[2019.09.26-17.37.53:701][  0]LogTemp: Display: Module 'AndroidTargetPlatform' loaded TargetPlatform 'Android_DXT'
[2019.09.26-17.37.53:701][  0]LogTemp: Display: Module 'AndroidTargetPlatform' loaded TargetPlatform 'Android_ETC1'
[2019.09.26-17.37.53:701][  0]LogTemp: Display: Module 'AndroidTargetPlatform' loaded TargetPlatform 'Android_ETC1a'
[2019.09.26-17.37.53:701][  0]LogTemp: Display: Module 'AndroidTargetPlatform' loaded TargetPlatform 'Android_ETC2'
[2019.09.26-17.37.53:701][  0]LogTemp: Display: Module 'AndroidTargetPlatform' loaded TargetPlatform 'Android_PVRTC'
[2019.09.26-17.37.53:701][  0]LogTemp: Display: Module 'AndroidTargetPlatform' loaded TargetPlatform 'AndroidClient'
[2019.09.26-17.37.53:701][  0]LogTemp: Display: Module 'AndroidTargetPlatform' loaded TargetPlatform 'Android_ASTCClient'
[2019.09.26-17.37.53:701][  0]LogTemp: Display: Module 'AndroidTargetPlatform' loaded TargetPlatform 'Android_ATCClient'
[2019.09.26-17.37.53:701][  0]LogTemp: Display: Module 'AndroidTargetPlatform' loaded TargetPlatform 'Android_DXTClient'
[2019.09.26-17.37.53:701][  0]LogTemp: Display: Module 'AndroidTargetPlatform' loaded TargetPlatform 'Android_ETC1Client'
[2019.09.26-17.37.53:701][  0]LogTemp: Display: Module 'AndroidTargetPlatform' loaded TargetPlatform 'Android_ETC1aClient'
[2019.09.26-17.37.53:701][  0]LogTemp: Display: Module 'AndroidTargetPlatform' loaded TargetPlatform 'Android_ETC2Client'
[2019.09.26-17.37.53:701][  0]LogTemp: Display: Module 'AndroidTargetPlatform' loaded TargetPlatform 'Android_PVRTCClient'
[2019.09.26-17.37.53:701][  0]LogTemp: Display: Module 'AndroidTargetPlatform' loaded TargetPlatform 'Android_Multi'
[2019.09.26-17.37.53:701][  0]LogTemp: Display: Module 'AndroidTargetPlatform' loaded TargetPlatform 'Android_MultiClient'
[2019.09.26-17.37.53:703][  0]LogTemp: Display: Module 'HTML5TargetPlatform' loaded TargetPlatform 'HTML5'
[2019.09.26-17.37.53:747][  0]LogTemp: Display: Module 'IOSTargetPlatform' loaded TargetPlatform 'IOSClient'
[2019.09.26-17.37.53:747][  0]LogTemp: Display: Module 'IOSTargetPlatform' loaded TargetPlatform 'IOS'
[2019.09.26-17.37.53:767][  0]LogTemp: Display: Module 'TVOSTargetPlatform' loaded TargetPlatform 'TVOSClient'
[2019.09.26-17.37.53:767][  0]LogTemp: Display: Module 'TVOSTargetPlatform' loaded TargetPlatform 'TVOS'
[2019.09.26-17.37.53:778][  0]LogTemp: Display: Module 'LinuxClientTargetPlatform' loaded TargetPlatform 'LinuxClient'
[2019.09.26-17.37.53:788][  0]LogTemp: Display: Module 'LinuxNoEditorTargetPlatform' loaded TargetPlatform 'LinuxNoEditor'
[2019.09.26-17.37.53:799][  0]LogTemp: Display: Module 'LinuxServerTargetPlatform' loaded TargetPlatform 'LinuxServer'
[2019.09.26-17.37.53:810][  0]LogTemp: Display: Module 'LinuxTargetPlatform' loaded TargetPlatform 'Linux'
[2019.09.26-17.37.53:848][  0]LogTemp: Display: Module 'LuminTargetPlatform' loaded TargetPlatform 'Lumin'
[2019.09.26-17.37.53:848][  0]LogTemp: Display: Module 'LuminTargetPlatform' loaded TargetPlatform 'LuminClient'
[2019.09.26-17.37.53:848][  0]LogTargetPlatformManager: Display: Building Assets For Windows
[2019.09.26-17.37.53:856][  0]LogAudioDebug: Display: Lib vorbis DLL was dynamically loaded.
[2019.09.26-17.37.53:900][  0]LogShaderCompilers: Guid format shader working directory is -21 characters bigger than the processId version (../../../../../../Users/nbloom/Documents/Unreal Projects/BloomEscape/Intermediate/Shaders/WorkingDirectory/3060/).
[2019.09.26-17.37.53:900][  0]LogShaderCompilers: Cleaned the shader compiler working directory 'C:/Users/nbloom/AppData/Local/Temp/UnrealShaderWorkingDir/F6BA494E4AA8F4031B678081C446CF48/'.
[2019.09.26-17.37.53:902][  0]LogXGEController: Cannot use XGE Controller as Incredibuild is not installed on this machine.
[2019.09.26-17.37.53:902][  0]LogShaderCompilers: Cannot use XGE Shader Compiler as Incredibuild is not installed on this machine.
[2019.09.26-17.37.53:902][  0]LogShaderCompilers: Display: Using Local Shader Compiler.
[2019.09.26-17.37.54:365][  0]LogDerivedDataCache: Display: Max Cache Size: 512 MB
[2019.09.26-17.37.54:407][  0]LogDerivedDataCache: Loaded boot cache 0.04s 71MB C:/Users/nbloom/AppData/Local/UnrealEngine/4.22/DerivedDataCache/Boot.ddc.
[2019.09.26-17.37.54:407][  0]LogDerivedDataCache: Display: Loaded Boot cache: C:/Users/nbloom/AppData/Local/UnrealEngine/4.22/DerivedDataCache/Boot.ddc
[2019.09.26-17.37.54:407][  0]LogDerivedDataCache: FDerivedDataBackendGraph:  Pak pak cache file ../../../../../../Users/nbloom/Documents/Unreal Projects/BloomEscape/DerivedDataCache/DDC.ddp not found, will not use a pak cache.
[2019.09.26-17.37.54:407][  0]LogDerivedDataCache: Unable to find inner node Pak for hierarchical cache Hierarchy.
[2019.09.26-17.37.54:407][  0]LogDerivedDataCache: FDerivedDataBackendGraph:  CompressedPak pak cache file ../../../../../../Users/nbloom/Documents/Unreal Projects/BloomEscape/DerivedDataCache/Compressed.ddp not found, will not use a pak cache.
[2019.09.26-17.37.54:407][  0]LogDerivedDataCache: Unable to find inner node CompressedPak for hierarchical cache Hierarchy.
[2019.09.26-17.37.54:417][  0]LogDerivedDataCache: Display: Pak cache opened for reading ../../../Engine/DerivedDataCache/Compressed.ddp.
[2019.09.26-17.37.54:418][  0]LogDerivedDataCache: FDerivedDataBackendGraph:  EnterprisePak pak cache file ../../../Enterprise/DerivedDataCache/Compressed.ddp not found, will not use a pak cache.
[2019.09.26-17.37.54:418][  0]LogDerivedDataCache: Unable to find inner node EnterprisePak for hierarchical cache Hierarchy.
[2019.09.26-17.37.54:430][  0]LogDerivedDataCache: Using Local data cache path C:/Users/nbloom/AppData/Local/UnrealEngine/Common/DerivedDataCache: Writable
[2019.09.26-17.37.54:430][  0]LogDerivedDataCache: Shared data cache path not found in *engine.ini, will not use an Shared cache.
[2019.09.26-17.37.54:430][  0]LogDerivedDataCache: Unable to find inner node Shared for hierarchical cache Hierarchy.
[2019.09.26-17.37.54:448][  0]LogMaterial: Verifying Global Shaders for PCD3D_SM5
[2019.09.26-17.37.54:449][  0]LogSlate: Using FreeType 2.6.0
[2019.09.26-17.37.54:450][  0]LogSlate: SlateFontServices - WITH_FREETYPE: 1, WITH_HARFBUZZ: 1
[2019.09.26-17.37.54:535][  0]LogAssetRegistry: FAssetRegistry took 0.0323 seconds to start up
[2019.09.26-17.37.54:815][  0]LogInit: Selected Device Profile: [Windows]
[2019.09.26-17.37.54:864][  0]LogMeshReduction: Using QuadricMeshReduction for automatic static mesh reduction
[2019.09.26-17.37.54:864][  0]LogMeshReduction: Using SimplygonMeshReduction for automatic skeletal mesh reduction
[2019.09.26-17.37.54:864][  0]LogMeshReduction: Using ProxyLODMeshReduction for automatic mesh merging
[2019.09.26-17.37.54:864][  0]LogMeshReduction: No distributed automatic mesh merging module available
[2019.09.26-17.37.54:864][  0]LogMeshMerging: No distributed automatic mesh merging module available
[2019.09.26-17.37.54:937][  0]LogNetVersion: BloomEscape 1.0.0, NetCL: 5660361, EngineNetVer: 10, GameNetVer: 0 (Checksum: 2914898537)
[2019.09.26-17.37.55:268][  0]LogPackageLocalizationCache: Processed 10 localized package path(s) for 1 prioritized culture(s) in 0.029608 seconds
[2019.09.26-17.37.55:273][  0]LogUObjectArray: 42205 objects as part of root set at end of initial load.
[2019.09.26-17.37.55:273][  0]LogUObjectAllocator: 7325032 out of 0 bytes used by permanent object pool.
[2019.09.26-17.37.55:273][  0]LogUObjectArray: CloseDisregardForGC: 0/0 objects in disregard for GC pool
[2019.09.26-17.37.56:052][  0]LogTcpMessaging: Initializing TcpMessaging bridge
[2019.09.26-17.37.56:065][  0]LogUdpMessaging: Initializing bridge on interface 0.0.0.0:0 to multicast group 230.0.0.1:6666.
[2019.09.26-17.37.56:161][  0]SourceControl: Source control is disabled
[2019.09.26-17.37.56:161][  0]SourceControl: Source control is disabled
[2019.09.26-17.37.56:162][  0]SourceControl: Source control is disabled
[2019.09.26-17.37.56:162][  0]SourceControl: Source control is disabled
[2019.09.26-17.37.56:169][  0]LogVSAccessor: Display: Unable to create Visual Studio setup instance: 80040154
[2019.09.26-17.37.56:170][  0]LogVSAccessor: Display: Unable to create Visual Studio setup instance: 80040154
[2019.09.26-17.37.56:226][  0]LogAndroidPermission: UAndroidPermissionCallbackProxy::GetInstance
[2019.09.26-17.37.56:343][  0]LogOcInput: OculusInput pre-init called
[2019.09.26-17.37.57:037][  0]LogEngine: Initializing Engine...
[2019.09.26-17.37.57:037][  0]LogHMD: Failed to initialize OpenVR with code 110
[2019.09.26-17.37.57:038][  0]LogStats: UGameplayTagsManager::InitializeManager -  0.000 s
[2019.09.26-17.37.57:209][  0]LogInit: Initializing FReadOnlyCVARCache
[2019.09.26-17.37.57:222][  0]LogAIModule: Creating AISystem for world Untitled
[2019.09.26-17.37.57:257][  0]LogInit: XAudio2 using 'Speakers (Realtek High Definition Audio)' : 2 channels at 48 kHz using 32 bits per sample (channel mask 0x3)
[2019.09.26-17.37.57:578][  0]LogInit: FAudioDevice initialized.
[2019.09.26-17.37.57:578][  0]LogNetVersion: Set ProjectVersion to 1.0.0.0. Version Checksum will be recalculated on next use.
[2019.09.26-17.37.57:738][  0]LogDerivedDataCache: Saved boot cache 0.16s 71MB C:/Users/nbloom/AppData/Local/UnrealEngine/4.22/DerivedDataCache/Boot.ddc.
[2019.09.26-17.37.57:741][  0]LogInit: Texture streaming: Enabled
[2019.09.26-17.37.57:759][  0]LogEngineSessionManager: EngineSessionManager initialized
[2019.09.26-17.37.57:775][  0]LogInit: Transaction tracking system initialized
[2019.09.26-17.37.57:795][  0]BlueprintLog: New page: Editor Load
[2019.09.26-17.37.57:865][  0]LocalizationService: Localization service is disabled
[2019.09.26-17.37.57:967][  0]LogVSAccessor: Display: Unable to create Visual Studio setup instance: 80040154
[2019.09.26-17.37.57:967][  0]LogVSAccessor: Display: Unable to create Visual Studio setup instance: 80040154
[2019.09.26-17.37.58:124][  0]LogFileCache: Scanning file cache for directory 'C:/Users/nbloom/Documents/Unreal Projects/BloomEscape/Content/' took 0.01s
[2019.09.26-17.37.58:124][  0]LogCook: Display: Max memory allowance for cook 16384mb min free memory 0mb
[2019.09.26-17.37.58:124][  0]LogCook: Display: Mobile HDR setting 1
[2019.09.26-17.37.58:284][  0]SourceControl: Source control is disabled
[2019.09.26-17.37.58:284][  0]Cmd: MAP LOAD FILE="../../../../../../Users/nbloom/Documents/Unreal Projects/BloomEscape/Content/FirstPersonBP/Maps/FirstPersonExampleMap.umap" TEMPLATE=0 SHOWPROGRESS=1 FEATURELEVEL=3
[2019.09.26-17.37.58:355][  0]LightingResults: New page: Lighting Build
[2019.09.26-17.37.58:357][  0]MapCheck: New page: Map Check
[2019.09.26-17.37.58:357][  0]LightingResults: New page: Lighting Build
[2019.09.26-17.37.58:379][  0]LogUObjectHash: Compacting FUObjectHashTables data took   1.22ms
[2019.09.26-17.38.00:371][  0]LogAIModule: Creating AISystem for world FirstPersonExampleMap
[2019.09.26-17.38.00:380][  0]LogEditorServer: Finished looking for orphan Actors (0.000 secs)
[2019.09.26-17.38.00:402][  0]LogUObjectHash: Compacting FUObjectHashTables data took   1.74ms
[2019.09.26-17.38.00:402][  0]Cmd: MAP CHECKDEP NOCLEARLOG
[2019.09.26-17.38.00:402][  0]MapCheck: Map check complete: 0 Error(s), 0 Warning(s), took 0.151ms to complete.
[2019.09.26-17.38.00:402][  0]LogFileHelpers: Loading map 'FirstPersonExampleMap' took 2.118
[2019.09.26-17.38.00:714][  0]LogSlate: Updating window title bar state: overlay mode, drag disabled, window buttons hidden, title bar hidden
[2019.09.26-17.38.00:719][  0]LogSlate: Updating window title bar state: overlay mode, drag disabled, window buttons hidden, title bar hidden
[2019.09.26-17.38.00:726][  0]LogSlate: Updating window title bar state: overlay mode, drag disabled, window buttons hidden, title bar hidden
[2019.09.26-17.38.00:732][  0]LogSlate: Updating window title bar state: overlay mode, drag disabled, window buttons hidden, title bar hidden
[2019.09.26-17.38.00:737][  0]LogCollectionManager: Loaded 0 collections in 0.001475 seconds
[2019.09.26-17.38.00:774][  0]LogFileCache: Scanning file cache for directory 'C:/Users/nbloom/Documents/Unreal Projects/BloomEscape/Saved/Collections/' took 0.01s
[2019.09.26-17.38.00:774][  0]LogFileCache: Scanning file cache for directory 'C:/Users/nbloom/Documents/Unreal Projects/BloomEscape/Content/Developers/nbloom/Collections/' took 0.01s
[2019.09.26-17.38.00:775][  0]LogFileCache: Scanning file cache for directory 'C:/Users/nbloom/Documents/Unreal Projects/BloomEscape/Content/Collections/' took 0.01s
[2019.09.26-17.38.00:775][  0]LogCollectionManager: Rebuilt the GUID cache for 0 collections in 0.000000 seconds
[2019.09.26-17.38.00:782][  0]LogContentBrowser: Native class hierarchy populated in 0.0070 seconds. Added 2732 classes and 659 folders.
[2019.09.26-17.38.00:787][  0]LogContentBrowser: Native class hierarchy updated for 'WidgetCarousel' in 0.0002 seconds. Added 0 classes and 0 folders.
[2019.09.26-17.38.00:810][  0]LogPakFile: Registered encryption key '00000000000000000000000000000000': 0 pak files mounted, 0 remain pending
[2019.09.26-17.38.00:819][  0]LogPakFile: Registered encryption key '00000000000000000000000000000000': 0 pak files mounted, 0 remain pending
[2019.09.26-17.38.00:821][  0]LogPakFile: Registered encryption key '00000000000000000000000000000000': 0 pak files mounted, 0 remain pending
[2019.09.26-17.38.00:822][  0]LogPakFile: Registered encryption key '00000000000000000000000000000000': 0 pak files mounted, 0 remain pending
[2019.09.26-17.38.00:823][  0]LogPakFile: Registered encryption key '00000000000000000000000000000000': 0 pak files mounted, 0 remain pending
[2019.09.26-17.38.00:824][  0]LogPakFile: Registered encryption key '00000000000000000000000000000000': 0 pak files mounted, 0 remain pending
[2019.09.26-17.38.00:825][  0]LogPakFile: Registered encryption key '00000000000000000000000000000000': 0 pak files mounted, 0 remain pending
[2019.09.26-17.38.00:826][  0]LogPakFile: Registered encryption key '00000000000000000000000000000000': 0 pak files mounted, 0 remain pending
[2019.09.26-17.38.00:827][  0]LogPakFile: Registered encryption key '00000000000000000000000000000000': 0 pak files mounted, 0 remain pending
[2019.09.26-17.38.00:829][  0]LogPakFile: Registered encryption key '00000000000000000000000000000000': 0 pak files mounted, 0 remain pending
[2019.09.26-17.38.00:865][  0]LogPakFile: Registered encryption key '00000000000000000000000000000000': 0 pak files mounted, 0 remain pending
[2019.09.26-17.38.00:874][  0]LogPakFile: Registered encryption key '00000000000000000000000000000000': 0 pak files mounted, 0 remain pending
[2019.09.26-17.38.00:886][  0]LogPakFile: Registered encryption key '00000000000000000000000000000000': 0 pak files mounted, 0 remain pending
[2019.09.26-17.38.00:887][  0]LogPakFile: Registered encryption key '00000000000000000000000000000000': 0 pak files mounted, 0 remain pending
[2019.09.26-17.38.00:888][  0]LogPakFile: Registered encryption key '00000000000000000000000000000000': 0 pak files mounted, 0 remain pending
[2019.09.26-17.38.00:889][  0]LogPakFile: Registered encryption key '00000000000000000000000000000000': 0 pak files mounted, 0 remain pending
[2019.09.26-17.38.00:890][  0]LogPakFile: Registered encryption key '00000000000000000000000000000000': 0 pak files mounted, 0 remain pending
[2019.09.26-17.38.00:891][  0]LogPakFile: Registered encryption key '00000000000000000000000000000000': 0 pak files mounted, 0 remain pending
[2019.09.26-17.38.00:892][  0]LogPakFile: Registered encryption key '00000000000000000000000000000000': 0 pak files mounted, 0 remain pending
[2019.09.26-17.38.00:893][  0]LogPakFile: Registered encryption key '00000000000000000000000000000000': 0 pak files mounted, 0 remain pending
[2019.09.26-17.38.00:894][  0]LogPakFile: Registered encryption key '00000000000000000000000000000000': 0 pak files mounted, 0 remain pending
[2019.09.26-17.38.00:895][  0]LogPakFile: Registered encryption key '00000000000000000000000000000000': 0 pak files mounted, 0 remain pending
[2019.09.26-17.38.00:897][  0]LogPakFile: Registered encryption key '00000000000000000000000000000000': 0 pak files mounted, 0 remain pending
[2019.09.26-17.38.00:898][  0]LogPakFile: Registered encryption key '00000000000000000000000000000000': 0 pak files mounted, 0 remain pending
[2019.09.26-17.38.00:899][  0]LogPakFile: Registered encryption key '00000000000000000000000000000000': 0 pak files mounted, 0 remain pending
[2019.09.26-17.38.00:941][  0]LogPakFile: Registered encryption key '00000000000000000000000000000000': 0 pak files mounted, 0 remain pending
[2019.09.26-17.38.01:279][  0]LogContentBrowser: Native class hierarchy updated for 'AddContentDialog' in 0.0002 seconds. Added 0 classes and 0 folders.
[2019.09.26-17.38.01:377][  0]LogContentBrowser: Native class hierarchy updated for 'SceneOutliner' in 0.0002 seconds. Added 1 classes and 2 folders.
[2019.09.26-17.38.01:395][  0]LogSlate: Took 0.000196 seconds to synchronously load lazily loaded font '../../../Engine/Content/Slate/Fonts/Roboto-Regular.ttf' (155K)
[2019.09.26-17.38.01:396][  0]LogSlate: Took 0.000184 seconds to synchronously load lazily loaded font '../../../Engine/Content/Slate/Fonts/Roboto-Bold.ttf' (160K)
[2019.09.26-17.38.01:420][  0]LogSlate: Took 0.020239 seconds to synchronously load lazily loaded font '../../../Engine/Content/Editor/Slate/Fonts/FontAwesome.ttf' (139K)
[2019.09.26-17.38.01:508][  0]LogRenderer: Reallocating scene render targets to support 1056x556 Format 10 NumSamples 1 (Frame:1).
[2019.09.26-17.38.01:620][  0]LogContentBrowser: Native class hierarchy updated for 'HierarchicalLODOutliner' in 0.0002 seconds. Added 0 classes and 0 folders.
[2019.09.26-17.38.01:620][  0]LogLoad: (Engine Initialization) Total time: 10.83 seconds
[2019.09.26-17.38.01:620][  0]LogLoad: (Engine Initialization) Total Blueprint compile time: 0.00 seconds
[2019.09.26-17.38.01:649][  0]LogAssetRegistry: Asset discovery search completed in 7.1373 seconds
[2019.09.26-17.38.01:651][  0]LogCollectionManager: Rebuilt the object cache for 0 collections in 0.000000 seconds (found 0 objects)
[2019.09.26-17.38.01:651][  0]LogCollectionManager: Fixed up redirectors for 0 collections in 0.000028 seconds (updated 0 objects)
[2019.09.26-17.38.01:652][  0]LogContentStreaming: Texture pool size now 1000 MB
[2019.09.26-17.38.01:751][  0]LogSlate: Took 0.006615 seconds to synchronously load lazily loaded font '../../../Engine/Content/Slate/Fonts/Roboto-Light.ttf' (167K)
[2019.09.26-17.46.22:825][115]LogSlate: FSceneViewport::OnFocusLost() reason 0
[2019.09.26-18.40.15:743][757]LogSlate: FSceneViewport::OnFocusLost() reason 0
[2019.09.26-18.40.18:606][ 98]Cmd: BRUSH ADD SELECTNEWBRUSH
[2019.09.26-18.40.31:917][683]LogSlate: FSceneViewport::OnFocusLost() reason 0
[2019.09.26-18.40.34:523][994]Cmd: BRUSH ADD SELECTNEWBRUSH
[2019.09.26-18.40.35:795][144]LogSlate: FSceneViewport::OnFocusLost() reason 2
[2019.09.26-18.40.48:690][681]LogSlate: FSceneViewport::OnFocusLost() reason 0
[2019.09.26-18.40.54:288][351]Cmd: BRUSH ADD SELECTNEWBRUSH
[2019.09.26-18.40.55:150][452]LogSlate: FSceneViewport::OnFocusLost() reason 2
[2019.09.26-18.41.25:073][ 26]LogEditorViewport: Clicking on Actor (LMB): StaticMeshActor (Wall1)
[2019.09.26-18.42.39:296][884]LogSlate: FSceneViewport::OnFocusLost() reason 0
[2019.09.26-18.42.39:396][896]LogTemp: Repeating last play command: Selected Viewport
[2019.09.26-18.42.39:401][896]LogBlueprintUserMessages: Early PlayInEditor Detection: Level '/Game/FirstPersonBP/Maps/FirstPersonExampleMap.FirstPersonExampleMap:PersistentLevel' has LevelScriptBlueprint '/Game/FirstPersonBP/Maps/FirstPersonExampleMap.FirstPersonExampleMap:PersistentLevel.FirstPersonExampleMap' with GeneratedClass '/Game/FirstPersonBP/Maps/FirstPersonExampleMap.FirstPersonExampleMap_C' with ClassGeneratedBy '/Game/FirstPersonBP/Maps/FirstPersonExampleMap.FirstPersonExampleMap:PersistentLevel.FirstPersonExampleMap'
[2019.09.26-18.42.39:401][896]LogPlayLevel: PlayLevel: No blueprints needed recompiling
[2019.09.26-18.42.39:402][896]PIE: New page: PIE session: FirstPersonExampleMap (Sep 26, 2019, 10:42:39 AM)
[2019.09.26-18.42.39:414][896]LogPlayLevel: Creating play world package: /Game/FirstPersonBP/Maps/UEDPIE_0_FirstPersonExampleMap
[2019.09.26-18.42.39:427][896]LogPlayLevel: PIE: StaticDuplicateObject took: (0.013101s)
[2019.09.26-18.42.39:428][896]LogAIModule: Creating AISystem for world FirstPersonExampleMap
[2019.09.26-18.42.39:428][896]LogPlayLevel: PIE: World Init took: (0.000747s)
[2019.09.26-18.42.39:428][896]LogPlayLevel: PIE: Created PIE world by copying editor world from /Game/FirstPersonBP/Maps/FirstPersonExampleMap.FirstPersonExampleMap to /Game/FirstPersonBP/Maps/UEDPIE_0_FirstPersonExampleMap.FirstPersonExampleMap (0.014146s)
[2019.09.26-18.42.39:450][896]LogUObjectHash: Compacting FUObjectHashTables data took   1.12ms
[2019.09.26-18.42.39:488][896]LogInit: XAudio2 using 'Speakers (Realtek High Definition Audio)' : 2 channels at 48 kHz using 32 bits per sample (channel mask 0x3)
[2019.09.26-18.42.39:605][896]LogInit: FAudioDevice initialized.
[2019.09.26-18.42.39:641][896]LogLoad: Game class is 'FirstPersonGameMode_C'
[2019.09.26-18.42.39:644][896]LogWorld: Bringing World /Game/FirstPersonBP/Maps/UEDPIE_0_FirstPersonExampleMap.FirstPersonExampleMap up for play (max tick rate 0) at 2019.09.26-14.42.39
[2019.09.26-18.42.39:644][896]LogWorld: Bringing up level for play took: 0.001872
[2019.09.26-18.42.39:662][896]LogContentBrowser: Native class hierarchy updated for 'MovieSceneCapture' in 0.0003 seconds. Added 20 classes and 0 folders.
[2019.09.26-18.42.39:663][896]PIE: Play in editor start time for /Game/FirstPersonBP/Maps/UEDPIE_0_FirstPersonExampleMap 0.544
[2019.09.26-18.42.39:663][896]LogBlueprintUserMessages: Late PlayInEditor Detection: Level '/Game/FirstPersonBP/Maps/FirstPersonExampleMap.FirstPersonExampleMap:PersistentLevel' has LevelScriptBlueprint '/Game/FirstPersonBP/Maps/FirstPersonExampleMap.FirstPersonExampleMap:PersistentLevel.FirstPersonExampleMap' with GeneratedClass '/Game/FirstPersonBP/Maps/FirstPersonExampleMap.FirstPersonExampleMap_C' with ClassGeneratedBy '/Game/FirstPersonBP/Maps/FirstPersonExampleMap.FirstPersonExampleMap:PersistentLevel.FirstPersonExampleMap'
[2019.09.26-18.44.17:289][604]LogBlueprintUserMessages: Early EndPlayMap Detection: Level '/Game/FirstPersonBP/Maps/FirstPersonExampleMap.FirstPersonExampleMap:PersistentLevel' has LevelScriptBlueprint '/Game/FirstPersonBP/Maps/FirstPersonExampleMap.FirstPersonExampleMap:PersistentLevel.FirstPersonExampleMap' with GeneratedClass '/Game/FirstPersonBP/Maps/FirstPersonExampleMap.FirstPersonExampleMap_C' with ClassGeneratedBy '/Game/FirstPersonBP/Maps/FirstPersonExampleMap.FirstPersonExampleMap:PersistentLevel.FirstPersonExampleMap'
[2019.09.26-18.44.17:289][604]LogSlate: Updating window title bar state: overlay mode, drag disabled, window buttons hidden, title bar hidden
[2019.09.26-18.44.17:319][604]LogPlayLevel: Display: Shutting down PIE online subsystems
[2019.09.26-18.44.17:319][604]LogBlueprintUserMessages: Late EndPlayMap Detection: Level '/Game/FirstPersonBP/Maps/FirstPersonExampleMap.FirstPersonExampleMap:PersistentLevel' has LevelScriptBlueprint '/Game/FirstPersonBP/Maps/FirstPersonExampleMap.FirstPersonExampleMap:PersistentLevel.FirstPersonExampleMap' with GeneratedClass '/Game/FirstPersonBP/Maps/FirstPersonExampleMap.FirstPersonExampleMap_C' with ClassGeneratedBy '/Game/FirstPersonBP/Maps/FirstPersonExampleMap.FirstPersonExampleMap:PersistentLevel.FirstPersonExampleMap'
[2019.09.26-18.44.17:345][604]LogSlate: Updating window title bar state: overlay mode, drag disabled, window buttons hidden, title bar hidden
[2019.09.26-18.44.17:348][604]LogUObjectHash: Compacting FUObjectHashTables data took   1.31ms
[2019.09.26-18.44.17:391][609]LogPlayLevel: Display: Destroying online subsystem :Context_3
[2019.09.26-18.44.33:288][515]LogSlate: Took 0.000196 seconds to synchronously load lazily loaded font '../../../Engine/Content/Slate/Fonts/Roboto-Light.ttf' (167K)
[2019.09.26-18.44.42:261][591]LogSlate: FSceneViewport::OnFocusLost() reason 2
[2019.09.26-18.44.42:289][591]LogUObjectHash: Compacting FUObjectHashTables data took   0.57ms
[2019.09.26-18.44.42:427][591]LogSavePackage: Moving '../../../../../../Users/nbloom/Documents/Unreal Projects/BloomEscape/Saved/FirstPersonExampleMap_Auto121287A34498C0DC871AFFE81A0AA01F9.tmp' to '../../../../../../Users/nbloom/Documents/Unreal Projects/BloomEscape/Saved/Autosaves/Game/FirstPersonBP/Maps/FirstPersonExampleMap_Auto1.umap'
[2019.09.26-18.44.42:430][591]LogFileHelpers: Editor autosave (incl. sublevels) for '/Game/FirstPersonBP/Maps/FirstPersonExampleMap' took 0.159
[2019.09.26-18.44.42:430][591]LogFileHelpers: Editor autosave (incl. sublevels) for all levels took 0.159
[2019.09.26-18.48.00:597][368]LogSlate: FSceneViewport::OnFocusLost() reason 0
[2019.09.26-18.48.03:341][696]Cmd: BRUSH ADD SELECTNEWBRUSH
[2019.09.26-18.48.32:010][120]LogEditorViewport: Clicking on Actor (LMB): FirstPersonCharacter_C (FirstPersonCharacter)
[2019.09.26-18.48.56:791][ 64]LogSlate: FSceneViewport::OnFocusLost() reason 0
[2019.09.26-18.48.56:899][ 77]LogTemp: Repeating last play command: Selected Viewport
[2019.09.26-18.48.56:904][ 77]LogBlueprintUserMessages: Early PlayInEditor Detection: Level '/Game/FirstPersonBP/Maps/FirstPersonExampleMap.FirstPersonExampleMap:PersistentLevel' has LevelScriptBlueprint '/Game/FirstPersonBP/Maps/FirstPersonExampleMap.FirstPersonExampleMap:PersistentLevel.FirstPersonExampleMap' with GeneratedClass '/Game/FirstPersonBP/Maps/FirstPersonExampleMap.FirstPersonExampleMap_C' with ClassGeneratedBy '/Game/FirstPersonBP/Maps/FirstPersonExampleMap.FirstPersonExampleMap:PersistentLevel.FirstPersonExampleMap'
[2019.09.26-18.48.56:904][ 77]LogPlayLevel: PlayLevel: No blueprints needed recompiling
[2019.09.26-18.48.56:905][ 77]PIE: New page: PIE session: FirstPersonExampleMap (Sep 26, 2019, 10:48:56 AM)
[2019.09.26-18.48.56:905][ 77]LogPlayLevel: Creating play world package: /Game/FirstPersonBP/Maps/UEDPIE_0_FirstPersonExampleMap
[2019.09.26-18.48.56:918][ 77]LogPlayLevel: PIE: StaticDuplicateObject took: (0.013614s)
[2019.09.26-18.48.56:919][ 77]LogAIModule: Creating AISystem for world FirstPersonExampleMap
[2019.09.26-18.48.56:919][ 77]LogPlayLevel: PIE: World Init took: (0.000710s)
[2019.09.26-18.48.56:919][ 77]LogPlayLevel: PIE: Created PIE world by copying editor world from /Game/FirstPersonBP/Maps/FirstPersonExampleMap.FirstPersonExampleMap to /Game/FirstPersonBP/Maps/UEDPIE_0_FirstPersonExampleMap.FirstPersonExampleMap (0.014459s)
[2019.09.26-18.48.56:969][ 77]LogUObjectHash: Compacting FUObjectHashTables data took   1.47ms
[2019.09.26-18.48.57:003][ 77]LogInit: XAudio2 using 'Speakers (Realtek High Definition Audio)' : 2 channels at 48 kHz using 32 bits per sample (channel mask 0x3)
[2019.09.26-18.48.57:124][ 77]LogInit: FAudioDevice initialized.
[2019.09.26-18.48.57:154][ 77]LogLoad: Game class is 'FirstPersonGameMode_C'
[2019.09.26-18.48.57:156][ 77]LogWorld: Bringing World /Game/FirstPersonBP/Maps/UEDPIE_0_FirstPersonExampleMap.FirstPersonExampleMap up for play (max tick rate 0) at 2019.09.26-14.48.57
[2019.09.26-18.48.57:156][ 77]LogWorld: Bringing up level for play took: 0.001666
[2019.09.26-18.48.57:169][ 77]PIE: Play in editor start time for /Game/FirstPersonBP/Maps/UEDPIE_0_FirstPersonExampleMap 0.054
[2019.09.26-18.48.57:169][ 77]LogBlueprintUserMessages: Late PlayInEditor Detection: Level '/Game/FirstPersonBP/Maps/FirstPersonExampleMap.FirstPersonExampleMap:PersistentLevel' has LevelScriptBlueprint '/Game/FirstPersonBP/Maps/FirstPersonExampleMap.FirstPersonExampleMap:PersistentLevel.FirstPersonExampleMap' with GeneratedClass '/Game/FirstPersonBP/Maps/FirstPersonExampleMap.FirstPersonExampleMap_C' with ClassGeneratedBy '/Game/FirstPersonBP/Maps/FirstPersonExampleMap.FirstPersonExampleMap:PersistentLevel.FirstPersonExampleMap'
[2019.09.26-18.49.10:912][719]LogBlueprintUserMessages: Early EndPlayMap Detection: Level '/Game/FirstPersonBP/Maps/FirstPersonExampleMap.FirstPersonExampleMap:PersistentLevel' has LevelScriptBlueprint '/Game/FirstPersonBP/Maps/FirstPersonExampleMap.FirstPersonExampleMap:PersistentLevel.FirstPersonExampleMap' with GeneratedClass '/Game/FirstPersonBP/Maps/FirstPersonExampleMap.FirstPersonExampleMap_C' with ClassGeneratedBy '/Game/FirstPersonBP/Maps/FirstPersonExampleMap.FirstPersonExampleMap:PersistentLevel.FirstPersonExampleMap'
[2019.09.26-18.49.10:912][719]LogSlate: Updating window title bar state: overlay mode, drag disabled, window buttons hidden, title bar hidden
[2019.09.26-18.49.10:943][719]LogPlayLevel: Display: Shutting down PIE online subsystems
[2019.09.26-18.49.10:943][719]LogBlueprintUserMessages: Late EndPlayMap Detection: Level '/Game/FirstPersonBP/Maps/FirstPersonExampleMap.FirstPersonExampleMap:PersistentLevel' has LevelScriptBlueprint '/Game/FirstPersonBP/Maps/FirstPersonExampleMap.FirstPersonExampleMap:PersistentLevel.FirstPersonExampleMap' with GeneratedClass '/Game/FirstPersonBP/Maps/FirstPersonExampleMap.FirstPersonExampleMap_C' with ClassGeneratedBy '/Game/FirstPersonBP/Maps/FirstPersonExampleMap.FirstPersonExampleMap:PersistentLevel.FirstPersonExampleMap'
[2019.09.26-18.49.10:965][719]LogSlate: Updating window title bar state: overlay mode, drag disabled, window buttons hidden, title bar hidden
[2019.09.26-18.49.10:968][719]LogUObjectHash: Compacting FUObjectHashTables data took   1.34ms
[2019.09.26-18.49.11:016][723]LogPlayLevel: Display: Destroying online subsystem :Context_4
[2019.09.26-18.49.18:437][606]Cmd: EDIT COPY
[2019.09.26-18.49.19:525][736]Cmd: EDIT PASTE
[2019.09.26-18.49.29:017][866]Cmd: EDIT PASTE
[2019.09.26-18.49.34:839][558]Cmd: EDIT PASTE
[2019.09.26-18.49.42:619][484]Cmd: EDIT COPY
[2019.09.26-18.49.48:580][195]Cmd: EDIT PASTE
[2019.09.26-18.49.55:320][990]LogSlate: FSceneViewport::OnFocusLost() reason 2
[2019.09.26-18.49.56:194][ 93]LogEditorViewport: Clicking on Actor (LMB): StaticMeshActor (Floor)
[2019.09.26-18.49.57:898][289]Cmd: EDIT COPY
[2019.09.26-18.49.58:194][324]Cmd: EDIT PASTE
[2019.09.26-18.50.09:528][671]Cmd: EDIT COPY
[2019.09.26-18.50.09:763][699]Cmd: EDIT PASTE
[2019.09.26-18.50.12:422][ 11]LogSlate: FSceneViewport::OnFocusLost() reason 0
[2019.09.26-18.50.12:530][ 24]LogTemp: Repeating last play command: Selected Viewport
[2019.09.26-18.50.12:536][ 24]LogBlueprintUserMessages: Early PlayInEditor Detection: Level '/Game/FirstPersonBP/Maps/FirstPersonExampleMap.FirstPersonExampleMap:PersistentLevel' has LevelScriptBlueprint '/Game/FirstPersonBP/Maps/FirstPersonExampleMap.FirstPersonExampleMap:PersistentLevel.FirstPersonExampleMap' with GeneratedClass '/Game/FirstPersonBP/Maps/FirstPersonExampleMap.FirstPersonExampleMap_C' with ClassGeneratedBy '/Game/FirstPersonBP/Maps/FirstPersonExampleMap.FirstPersonExampleMap:PersistentLevel.FirstPersonExampleMap'
[2019.09.26-18.50.12:536][ 24]LogPlayLevel: PlayLevel: No blueprints needed recompiling
[2019.09.26-18.50.12:536][ 24]PIE: New page: PIE session: FirstPersonExampleMap (Sep 26, 2019, 10:50:12 AM)
[2019.09.26-18.50.12:536][ 24]LogPlayLevel: Creating play world package: /Game/FirstPersonBP/Maps/UEDPIE_0_FirstPersonExampleMap
[2019.09.26-18.50.12:550][ 24]LogPlayLevel: PIE: StaticDuplicateObject took: (0.013703s)
[2019.09.26-18.50.12:550][ 24]LogAIModule: Creating AISystem for world FirstPersonExampleMap
[2019.09.26-18.50.12:550][ 24]LogPlayLevel: PIE: World Init took: (0.000739s)
[2019.09.26-18.50.12:550][ 24]LogPlayLevel: PIE: Created PIE world by copying editor world from /Game/FirstPersonBP/Maps/FirstPersonExampleMap.FirstPersonExampleMap to /Game/FirstPersonBP/Maps/UEDPIE_0_FirstPersonExampleMap.FirstPersonExampleMap (0.014574s)
[2019.09.26-18.50.12:573][ 24]LogUObjectHash: Compacting FUObjectHashTables data took   1.18ms
[2019.09.26-18.50.12:608][ 24]LogInit: XAudio2 using 'Speakers (Realtek High Definition Audio)' : 2 channels at 48 kHz using 32 bits per sample (channel mask 0x3)
[2019.09.26-18.50.12:730][ 24]LogInit: FAudioDevice initialized.
[2019.09.26-18.50.12:758][ 24]LogLoad: Game class is 'FirstPersonGameMode_C'
[2019.09.26-18.50.12:761][ 24]LogWorld: Bringing World /Game/FirstPersonBP/Maps/UEDPIE_0_FirstPersonExampleMap.FirstPersonExampleMap up for play (max tick rate 0) at 2019.09.26-14.50.12
[2019.09.26-18.50.12:761][ 24]LogWorld: Bringing up level for play took: 0.002007
[2019.09.26-18.50.12:773][ 24]PIE: Play in editor start time for /Game/FirstPersonBP/Maps/UEDPIE_0_FirstPersonExampleMap -0.34
[2019.09.26-18.50.12:774][ 24]LogBlueprintUserMessages: Late PlayInEditor Detection: Level '/Game/FirstPersonBP/Maps/FirstPersonExampleMap.FirstPersonExampleMap:PersistentLevel' has LevelScriptBlueprint '/Game/FirstPersonBP/Maps/FirstPersonExampleMap.FirstPersonExampleMap:PersistentLevel.FirstPersonExampleMap' with GeneratedClass '/Game/FirstPersonBP/Maps/FirstPersonExampleMap.FirstPersonExampleMap_C' with ClassGeneratedBy '/Game/FirstPersonBP/Maps/FirstPersonExampleMap.FirstPersonExampleMap:PersistentLevel.FirstPersonExampleMap'
[2019.09.26-18.50.38:588][118]LogBlueprintUserMessages: Early EndPlayMap Detection: Level '/Game/FirstPersonBP/Maps/FirstPersonExampleMap.FirstPersonExampleMap:PersistentLevel' has LevelScriptBlueprint '/Game/FirstPersonBP/Maps/FirstPersonExampleMap.FirstPersonExampleMap:PersistentLevel.FirstPersonExampleMap' with GeneratedClass '/Game/FirstPersonBP/Maps/FirstPersonExampleMap.FirstPersonExampleMap_C' with ClassGeneratedBy '/Game/FirstPersonBP/Maps/FirstPersonExampleMap.FirstPersonExampleMap:PersistentLevel.FirstPersonExampleMap'
[2019.09.26-18.50.38:589][118]LogSlate: Updating window title bar state: overlay mode, drag disabled, window buttons hidden, title bar hidden
[2019.09.26-18.50.38:619][118]LogPlayLevel: Display: Shutting down PIE online subsystems
[2019.09.26-18.50.38:620][118]LogBlueprintUserMessages: Late EndPlayMap Detection: Level '/Game/FirstPersonBP/Maps/FirstPersonExampleMap.FirstPersonExampleMap:PersistentLevel' has LevelScriptBlueprint '/Game/FirstPersonBP/Maps/FirstPersonExampleMap.FirstPersonExampleMap:PersistentLevel.FirstPersonExampleMap' with GeneratedClass '/Game/FirstPersonBP/Maps/FirstPersonExampleMap.FirstPersonExampleMap_C' with ClassGeneratedBy '/Game/FirstPersonBP/Maps/FirstPersonExampleMap.FirstPersonExampleMap:PersistentLevel.FirstPersonExampleMap'
[2019.09.26-18.50.38:643][118]LogSlate: Updating window title bar state: overlay mode, drag disabled, window buttons hidden, title bar hidden
[2019.09.26-18.50.38:645][118]LogUObjectHash: Compacting FUObjectHashTables data took   1.00ms
[2019.09.26-18.50.38:688][123]LogPlayLevel: Display: Destroying online subsystem :Context_5
[2019.09.26-18.50.40:856][383]LogSlate: FSceneViewport::OnFocusLost() reason 0
[2019.09.26-18.50.41:289][435]LogTemp: Repeating last play command: Selected Viewport
[2019.09.26-18.50.41:295][435]LogBlueprintUserMessages: Early PlayInEditor Detection: Level '/Game/FirstPersonBP/Maps/FirstPersonExampleMap.FirstPersonExampleMap:PersistentLevel' has LevelScriptBlueprint '/Game/FirstPersonBP/Maps/FirstPersonExampleMap.FirstPersonExampleMap:PersistentLevel.FirstPersonExampleMap' with GeneratedClass '/Game/FirstPersonBP/Maps/FirstPersonExampleMap.FirstPersonExampleMap_C' with ClassGeneratedBy '/Game/FirstPersonBP/Maps/FirstPersonExampleMap.FirstPersonExampleMap:PersistentLevel.FirstPersonExampleMap'
[2019.09.26-18.50.41:295][435]LogPlayLevel: PlayLevel: No blueprints needed recompiling
[2019.09.26-18.50.41:295][435]PIE: New page: PIE session: FirstPersonExampleMap (Sep 26, 2019, 10:50:41 AM)
[2019.09.26-18.50.41:295][435]LogPlayLevel: Creating play world package: /Game/FirstPersonBP/Maps/UEDPIE_0_FirstPersonExampleMap
[2019.09.26-18.50.41:307][435]LogPlayLevel: PIE: StaticDuplicateObject took: (0.012071s)
[2019.09.26-18.50.41:308][435]LogAIModule: Creating AISystem for world FirstPersonExampleMap
[2019.09.26-18.50.41:308][435]LogPlayLevel: PIE: World Init took: (0.000529s)
[2019.09.26-18.50.41:308][435]LogPlayLevel: PIE: Created PIE world by copying editor world from /Game/FirstPersonBP/Maps/FirstPersonExampleMap.FirstPersonExampleMap to /Game/FirstPersonBP/Maps/UEDPIE_0_FirstPersonExampleMap.FirstPersonExampleMap (0.012726s)
[2019.09.26-18.50.41:329][435]LogUObjectHash: Compacting FUObjectHashTables data took   1.05ms
[2019.09.26-18.50.41:363][435]LogInit: XAudio2 using 'Speakers (Realtek High Definition Audio)' : 2 channels at 48 kHz using 32 bits per sample (channel mask 0x3)
[2019.09.26-18.50.41:480][435]LogInit: FAudioDevice initialized.
[2019.09.26-18.50.41:508][435]LogLoad: Game class is 'FirstPersonGameMode_C'
[2019.09.26-18.50.41:510][435]LogWorld: Bringing World /Game/FirstPersonBP/Maps/UEDPIE_0_FirstPersonExampleMap.FirstPersonExampleMap up for play (max tick rate 0) at 2019.09.26-14.50.41
[2019.09.26-18.50.41:510][435]LogWorld: Bringing up level for play took: 0.001631
[2019.09.26-18.50.41:524][435]PIE: Play in editor start time for /Game/FirstPersonBP/Maps/UEDPIE_0_FirstPersonExampleMap 0.409
[2019.09.26-18.50.41:524][435]LogBlueprintUserMessages: Late PlayInEditor Detection: Level '/Game/FirstPersonBP/Maps/FirstPersonExampleMap.FirstPersonExampleMap:PersistentLevel' has LevelScriptBlueprint '/Game/FirstPersonBP/Maps/FirstPersonExampleMap.FirstPersonExampleMap:PersistentLevel.FirstPersonExampleMap' with GeneratedClass '/Game/FirstPersonBP/Maps/FirstPersonExampleMap.FirstPersonExampleMap_C' with ClassGeneratedBy '/Game/FirstPersonBP/Maps/FirstPersonExampleMap.FirstPersonExampleMap:PersistentLevel.FirstPersonExampleMap'
[2019.09.26-18.50.42:860][593]LogBlueprintUserMessages: Early EndPlayMap Detection: Level '/Game/FirstPersonBP/Maps/FirstPersonExampleMap.FirstPersonExampleMap:PersistentLevel' has LevelScriptBlueprint '/Game/FirstPersonBP/Maps/FirstPersonExampleMap.FirstPersonExampleMap:PersistentLevel.FirstPersonExampleMap' with GeneratedClass '/Game/FirstPersonBP/Maps/FirstPersonExampleMap.FirstPersonExampleMap_C' with ClassGeneratedBy '/Game/FirstPersonBP/Maps/FirstPersonExampleMap.FirstPersonExampleMap:PersistentLevel.FirstPersonExampleMap'
[2019.09.26-18.50.42:860][593]LogSlate: Updating window title bar state: overlay mode, drag disabled, window buttons hidden, title bar hidden
[2019.09.26-18.50.42:885][593]LogPlayLevel: Display: Shutting down PIE online subsystems
[2019.09.26-18.50.42:886][593]LogBlueprintUserMessages: Late EndPlayMap Detection: Level '/Game/FirstPersonBP/Maps/FirstPersonExampleMap.FirstPersonExampleMap:PersistentLevel' has LevelScriptBlueprint '/Game/FirstPersonBP/Maps/FirstPersonExampleMap.FirstPersonExampleMap:PersistentLevel.FirstPersonExampleMap' with GeneratedClass '/Game/FirstPersonBP/Maps/FirstPersonExampleMap.FirstPersonExampleMap_C' with ClassGeneratedBy '/Game/FirstPersonBP/Maps/FirstPersonExampleMap.FirstPersonExampleMap:PersistentLevel.FirstPersonExampleMap'
[2019.09.26-18.50.42:909][593]LogSlate: Updating window title bar state: overlay mode, drag disabled, window buttons hidden, title bar hidden
[2019.09.26-18.50.42:911][593]LogUObjectHash: Compacting FUObjectHashTables data took   0.88ms
[2019.09.26-18.50.42:961][599]LogPlayLevel: Display: Destroying online subsystem :Context_6
[2019.09.26-18.52.07:244][689]LogSlate: FSceneViewport::OnFocusLost() reason 0
[2019.09.26-18.54.58:110][147]Cmd: DELETE
[2019.09.26-18.54.58:110][147]Cmd: ACTOR DELETE
[2019.09.26-18.54.58:113][147]LogEditorActor: Deleted Actor: Brush
[2019.09.26-18.54.58:132][147]LogUObjectHash: Compacting FUObjectHashTables data took   0.96ms
[2019.09.26-18.54.58:137][147]LogEditorActor: Deleted 1 Actors (0.027 secs)
[2019.09.26-18.55.07:363][243]Cmd: DELETE
[2019.09.26-18.55.07:363][243]Cmd: ACTOR DELETE
[2019.09.26-18.55.07:366][243]LogEditorActor: Deleted Actor: Brush
[2019.09.26-18.55.07:384][243]LogUObjectHash: Compacting FUObjectHashTables data took   0.94ms
[2019.09.26-18.55.07:389][243]LogEditorActor: Deleted 1 Actors (0.026 secs)
[2019.09.26-18.55.08:309][353]LogSlate: FSceneViewport::OnFocusLost() reason 0
[2019.09.26-18.55.08:417][366]LogTemp: Repeating last play command: Selected Viewport
[2019.09.26-18.55.08:422][366]LogBlueprintUserMessages: Early PlayInEditor Detection: Level '/Game/FirstPersonBP/Maps/FirstPersonExampleMap.FirstPersonExampleMap:PersistentLevel' has LevelScriptBlueprint '/Game/FirstPersonBP/Maps/FirstPersonExampleMap.FirstPersonExampleMap:PersistentLevel.FirstPersonExampleMap' with GeneratedClass '/Game/FirstPersonBP/Maps/FirstPersonExampleMap.FirstPersonExampleMap_C' with ClassGeneratedBy '/Game/FirstPersonBP/Maps/FirstPersonExampleMap.FirstPersonExampleMap:PersistentLevel.FirstPersonExampleMap'
[2019.09.26-18.55.08:422][366]LogPlayLevel: PlayLevel: No blueprints needed recompiling
[2019.09.26-18.55.08:422][366]PIE: New page: PIE session: FirstPersonExampleMap (Sep 26, 2019, 10:55:08 AM)
[2019.09.26-18.55.08:422][366]LogPlayLevel: Creating play world package: /Game/FirstPersonBP/Maps/UEDPIE_0_FirstPersonExampleMap
[2019.09.26-18.55.08:438][366]LogPlayLevel: PIE: StaticDuplicateObject took: (0.015366s)
[2019.09.26-18.55.08:438][366]LogAIModule: Creating AISystem for world FirstPersonExampleMap
[2019.09.26-18.55.08:438][366]LogPlayLevel: PIE: World Init took: (0.000625s)
[2019.09.26-18.55.08:438][366]LogPlayLevel: PIE: Created PIE world by copying editor world from /Game/FirstPersonBP/Maps/FirstPersonExampleMap.FirstPersonExampleMap to /Game/FirstPersonBP/Maps/UEDPIE_0_FirstPersonExampleMap.FirstPersonExampleMap (0.016119s)
[2019.09.26-18.55.08:462][366]LogUObjectHash: Compacting FUObjectHashTables data took   1.10ms
[2019.09.26-18.55.08:496][366]LogInit: XAudio2 using 'Speakers (Realtek High Definition Audio)' : 2 channels at 48 kHz using 32 bits per sample (channel mask 0x3)
[2019.09.26-18.55.08:619][366]LogInit: FAudioDevice initialized.
[2019.09.26-18.55.08:650][366]LogLoad: Game class is 'FirstPersonGameMode_C'
[2019.09.26-18.55.08:652][366]LogWorld: Bringing World /Game/FirstPersonBP/Maps/UEDPIE_0_FirstPersonExampleMap.FirstPersonExampleMap up for play (max tick rate 0) at 2019.09.26-14.55.08
[2019.09.26-18.55.08:652][366]LogWorld: Bringing up level for play took: 0.001740
[2019.09.26-18.55.08:665][366]PIE: Play in editor start time for /Game/FirstPersonBP/Maps/UEDPIE_0_FirstPersonExampleMap -0.447
[2019.09.26-18.55.08:665][366]LogBlueprintUserMessages: Late PlayInEditor Detection: Level '/Game/FirstPersonBP/Maps/FirstPersonExampleMap.FirstPersonExampleMap:PersistentLevel' has LevelScriptBlueprint '/Game/FirstPersonBP/Maps/FirstPersonExampleMap.FirstPersonExampleMap:PersistentLevel.FirstPersonExampleMap' with GeneratedClass '/Game/FirstPersonBP/Maps/FirstPersonExampleMap.FirstPersonExampleMap_C' with ClassGeneratedBy '/Game/FirstPersonBP/Maps/FirstPersonExampleMap.FirstPersonExampleMap:PersistentLevel.FirstPersonExampleMap'
[2019.09.26-18.55.31:219][ 68]LogBlueprintUserMessages: Early EndPlayMap Detection: Level '/Game/FirstPersonBP/Maps/FirstPersonExampleMap.FirstPersonExampleMap:PersistentLevel' has LevelScriptBlueprint '/Game/FirstPersonBP/Maps/FirstPersonExampleMap.FirstPersonExampleMap:PersistentLevel.FirstPersonExampleMap' with GeneratedClass '/Game/FirstPersonBP/Maps/FirstPersonExampleMap.FirstPersonExampleMap_C' with ClassGeneratedBy '/Game/FirstPersonBP/Maps/FirstPersonExampleMap.FirstPersonExampleMap:PersistentLevel.FirstPersonExampleMap'
[2019.09.26-18.55.31:219][ 68]LogSlate: Updating window title bar state: overlay mode, drag disabled, window buttons hidden, title bar hidden
[2019.09.26-18.55.31:247][ 68]LogPlayLevel: Display: Shutting down PIE online subsystems
[2019.09.26-18.55.31:247][ 68]LogBlueprintUserMessages: Late EndPlayMap Detection: Level '/Game/FirstPersonBP/Maps/FirstPersonExampleMap.FirstPersonExampleMap:PersistentLevel' has LevelScriptBlueprint '/Game/FirstPersonBP/Maps/FirstPersonExampleMap.FirstPersonExampleMap:PersistentLevel.FirstPersonExampleMap' with GeneratedClass '/Game/FirstPersonBP/Maps/FirstPersonExampleMap.FirstPersonExampleMap_C' with ClassGeneratedBy '/Game/FirstPersonBP/Maps/FirstPersonExampleMap.FirstPersonExampleMap:PersistentLevel.FirstPersonExampleMap'
[2019.09.26-18.55.31:273][ 68]LogSlate: Updating window title bar state: overlay mode, drag disabled, window buttons hidden, title bar hidden
[2019.09.26-18.55.31:275][ 68]LogUObjectHash: Compacting FUObjectHashTables data took   0.99ms
[2019.09.26-18.55.31:324][ 72]LogPlayLevel: Display: Destroying online subsystem :Context_7
[2019.09.26-18.55.33:691][356]LogSlate: FSceneViewport::OnFocusLost() reason 0
[2019.09.26-18.55.34:074][402]LogTemp: Repeating last play command: Selected Viewport
[2019.09.26-18.55.34:080][402]LogBlueprintUserMessages: Early PlayInEditor Detection: Level '/Game/FirstPersonBP/Maps/FirstPersonExampleMap.FirstPersonExampleMap:PersistentLevel' has LevelScriptBlueprint '/Game/FirstPersonBP/Maps/FirstPersonExampleMap.FirstPersonExampleMap:PersistentLevel.FirstPersonExampleMap' with GeneratedClass '/Game/FirstPersonBP/Maps/FirstPersonExampleMap.FirstPersonExampleMap_C' with ClassGeneratedBy '/Game/FirstPersonBP/Maps/FirstPersonExampleMap.FirstPersonExampleMap:PersistentLevel.FirstPersonExampleMap'
[2019.09.26-18.55.34:080][402]LogPlayLevel: PlayLevel: No blueprints needed recompiling
[2019.09.26-18.55.34:080][402]PIE: New page: PIE session: FirstPersonExampleMap (Sep 26, 2019, 10:55:34 AM)
[2019.09.26-18.55.34:080][402]LogPlayLevel: Creating play world package: /Game/FirstPersonBP/Maps/UEDPIE_0_FirstPersonExampleMap
[2019.09.26-18.55.34:094][402]LogPlayLevel: PIE: StaticDuplicateObject took: (0.013924s)
[2019.09.26-18.55.34:095][402]LogAIModule: Creating AISystem for world FirstPersonExampleMap
[2019.09.26-18.55.34:095][402]LogPlayLevel: PIE: World Init took: (0.000573s)
[2019.09.26-18.55.34:095][402]LogPlayLevel: PIE: Created PIE world by copying editor world from /Game/FirstPersonBP/Maps/FirstPersonExampleMap.FirstPersonExampleMap to /Game/FirstPersonBP/Maps/UEDPIE_0_FirstPersonExampleMap.FirstPersonExampleMap (0.014636s)
[2019.09.26-18.55.34:117][402]LogUObjectHash: Compacting FUObjectHashTables data took   1.05ms
[2019.09.26-18.55.34:152][402]LogInit: XAudio2 using 'Speakers (Realtek High Definition Audio)' : 2 channels at 48 kHz using 32 bits per sample (channel mask 0x3)
[2019.09.26-18.55.34:269][402]LogInit: FAudioDevice initialized.
[2019.09.26-18.55.34:302][402]LogLoad: Game class is 'FirstPersonGameMode_C'
[2019.09.26-18.55.34:304][402]LogWorld: Bringing World /Game/FirstPersonBP/Maps/UEDPIE_0_FirstPersonExampleMap.FirstPersonExampleMap up for play (max tick rate 0) at 2019.09.26-14.55.34
[2019.09.26-18.55.34:304][402]LogWorld: Bringing up level for play took: 0.001723
[2019.09.26-18.55.34:317][402]PIE: Play in editor start time for /Game/FirstPersonBP/Maps/UEDPIE_0_FirstPersonExampleMap 1.206
[2019.09.26-18.55.34:317][402]LogBlueprintUserMessages: Late PlayInEditor Detection: Level '/Game/FirstPersonBP/Maps/FirstPersonExampleMap.FirstPersonExampleMap:PersistentLevel' has LevelScriptBlueprint '/Game/FirstPersonBP/Maps/FirstPersonExampleMap.FirstPersonExampleMap:PersistentLevel.FirstPersonExampleMap' with GeneratedClass '/Game/FirstPersonBP/Maps/FirstPersonExampleMap.FirstPersonExampleMap_C' with ClassGeneratedBy '/Game/FirstPersonBP/Maps/FirstPersonExampleMap.FirstPersonExampleMap:PersistentLevel.FirstPersonExampleMap'
[2019.09.26-18.55.34:778][453]LogBlueprintUserMessages: Early EndPlayMap Detection: Level '/Game/FirstPersonBP/Maps/FirstPersonExampleMap.FirstPersonExampleMap:PersistentLevel' has LevelScriptBlueprint '/Game/FirstPersonBP/Maps/FirstPersonExampleMap.FirstPersonExampleMap:PersistentLevel.FirstPersonExampleMap' with GeneratedClass '/Game/FirstPersonBP/Maps/FirstPersonExampleMap.FirstPersonExampleMap_C' with ClassGeneratedBy '/Game/FirstPersonBP/Maps/FirstPersonExampleMap.FirstPersonExampleMap:PersistentLevel.FirstPersonExampleMap'
[2019.09.26-18.55.34:778][453]LogSlate: Updating window title bar state: overlay mode, drag disabled, window buttons hidden, title bar hidden
[2019.09.26-18.55.34:804][453]LogPlayLevel: Display: Shutting down PIE online subsystems
[2019.09.26-18.55.34:804][453]LogBlueprintUserMessages: Late EndPlayMap Detection: Level '/Game/FirstPersonBP/Maps/FirstPersonExampleMap.FirstPersonExampleMap:PersistentLevel' has LevelScriptBlueprint '/Game/FirstPersonBP/Maps/FirstPersonExampleMap.FirstPersonExampleMap:PersistentLevel.FirstPersonExampleMap' with GeneratedClass '/Game/FirstPersonBP/Maps/FirstPersonExampleMap.FirstPersonExampleMap_C' with ClassGeneratedBy '/Game/FirstPersonBP/Maps/FirstPersonExampleMap.FirstPersonExampleMap:PersistentLevel.FirstPersonExampleMap'
[2019.09.26-18.55.34:828][453]LogSlate: Updating window title bar state: overlay mode, drag disabled, window buttons hidden, title bar hidden
[2019.09.26-18.55.34:831][453]LogUObjectHash: Compacting FUObjectHashTables data took   0.87ms
[2019.09.26-18.55.34:879][459]LogPlayLevel: Display: Destroying online subsystem :Context_8
[2019.09.26-18.56.02:446][763]LogUObjectHash: Compacting FUObjectHashTables data took   0.54ms
[2019.09.26-18.56.02:632][763]LogSavePackage: Moving '../../../../../../Users/nbloom/Documents/Unreal Projects/BloomEscape/Saved/FirstPersonExampleMap_Auto211B5DCF04C4A0930D7FADA9420D7AB26.tmp' to '../../../../../../Users/nbloom/Documents/Unreal Projects/BloomEscape/Saved/Autosaves/Game/FirstPersonBP/Maps/FirstPersonExampleMap_Auto2.umap'
[2019.09.26-18.56.02:641][763]LogFileHelpers: Editor autosave (incl. sublevels) for '/Game/FirstPersonBP/Maps/FirstPersonExampleMap' took 0.212
[2019.09.26-18.56.02:641][763]LogFileHelpers: Editor autosave (incl. sublevels) for all levels took 0.212
[2019.09.26-18.56.46:090][975]LogSlate: FSceneViewport::OnFocusLost() reason 0
[2019.09.26-18.56.46:226][987]LogUObjectHash: Compacting FUObjectHashTables data took   1.39ms
[2019.09.26-18.56.46:401][987]LogSavePackage: Moving '../../../../../../Users/nbloom/Documents/Unreal Projects/BloomEscape/Saved/FirstPersonExampleMapF669DB83459A909841B456B2FD5E68AF.tmp' to '../../../../../../Users/nbloom/Documents/Unreal Projects/BloomEscape/Content/FirstPersonBP/Maps/FirstPersonExampleMap.umap'
[2019.09.26-18.56.47:506][987]LogSavePackage: Moving '../../../../../../Users/nbloom/Documents/Unreal Projects/BloomEscape/Saved/FirstPersonExampleMap_BuiltDataFFDAE45748B27A664AF6AB8AAE5817A0.tmp' to '../../../../../../Users/nbloom/Documents/Unreal Projects/BloomEscape/Content/FirstPersonBP/Maps/FirstPersonExampleMap_BuiltData.uasset'
[2019.09.26-18.56.47:917][ 30]LogSlate: FSceneViewport::OnFocusLost() reason 0
